 
****************************************
Report : area
Design : fmul_exp
Version: U-2022.12
Date   : Thu Jun 19 17:13:47 2025
****************************************

Library(s) Used:

    slow (File: /home/raid7_2/user13/r3921070/exp_v0/syn/CBDK_TSMC018_Arm_f1.0/CIC/SynopsysDC/db/slow.db)

Number of ports:                           40
Number of nets:                           292
Number of cells:                          253
Number of combinational cells:            137
Number of sequential cells:               116
Number of macros/black boxes:               0
Number of buf/inv:                         63
Number of references:                      21

Combinational area:               2088.979228
Buf/Inv area:                      495.633605
Noncombinational area:            7570.886292
Macro/Black Box area:                0.000000
Net Interconnect area:      undefined  (No wire load specified)

Total cell area:                  9659.865519
Total area:                 undefined

Hierarchical area distribution
------------------------------

                                  Global cell area          Local cell area
                                  ------------------  ---------------------------- 
Hierarchical cell                 Absolute   Percent  Combi-     Noncombi-  Black-
                                  Total      Total    national   national   boxes   Design
--------------------------------  ---------  -------  ---------  ---------  ------  ---------
fmul_exp                          9659.8655    100.0  2088.9792  7570.8863  0.0000  fmul_exp
--------------------------------  ---------  -------  ---------  ---------  ------  ---------
Total                                                 2088.9792  7570.8863  0.0000

1
