 
****************************************
check_design summary:
Version:     U-2022.12
Date:        Sun Jul  6 20:31:54 2025
****************************************

                   Name                                            Total
--------------------------------------------------------------------------------
Inputs/Outputs                                                      9
    Shorted outputs (LINT-31)                                       4
    Constant outputs (LINT-52)                                      5

Cells                                                             207
    Cells do not drive (LINT-1)                                     2
    Connected to power or ground (LINT-32)                        189
    Nets connected to multiple pins on same cell (LINT-33)         16

Nets                                                               37
    Unloaded nets (LINT-2)                                         37
--------------------------------------------------------------------------------

Warning: In design 'fmul_rounder', cell 'C1274' does not drive any nets. (LINT-1)
Warning: In design 'fmul_rounder', cell 'C1278' does not drive any nets. (LINT-1)
Warning: In design 'fmul_rounder', net 'exp_add[13]' driven by pin 'add_13_00/result[13]' has no loads. (LINT-2)
Warning: In design 'fmul_rounder', net 'add_13_00/result_predict_one[1][6]' driven by pin 'add_13_00/GEN_CLA8[1].CLA8_1/result[6]' has no loads. (LINT-2)
Warning: In design 'fmul_rounder', net 'add_13_00/result_predict_one[1][7]' driven by pin 'add_13_00/GEN_CLA8[1].CLA8_1/result[7]' has no loads. (LINT-2)
Warning: In design 'fmul_rounder', net 'add_13_00/result_predict_one[1][8]' driven by pin 'add_13_00/GEN_CLA8[1].CLA8_1/result[8]' has no loads. (LINT-2)
Warning: In design 'fmul_rounder', net 'add_13_00/result_predict_zero[1][6]' driven by pin 'add_13_00/GEN_CLA8[1].CLA8_0/result[6]' has no loads. (LINT-2)
Warning: In design 'fmul_rounder', net 'add_13_00/result_predict_zero[1][7]' driven by pin 'add_13_00/GEN_CLA8[1].CLA8_0/result[7]' has no loads. (LINT-2)
Warning: In design 'fmul_rounder', net 'add_13_00/result_predict_zero[1][8]' driven by pin 'add_13_00/GEN_CLA8[1].CLA8_0/result[8]' has no loads. (LINT-2)
Warning: In design 'fmul_rounder', net 'add_53_00/result_predict_one[6][6]' driven by pin 'add_53_00/GEN_CLA8[6].CLA8_1/result[6]' has no loads. (LINT-2)
Warning: In design 'fmul_rounder', net 'add_53_00/result_predict_one[6][7]' driven by pin 'add_53_00/GEN_CLA8[6].CLA8_1/result[7]' has no loads. (LINT-2)
Warning: In design 'fmul_rounder', net 'add_53_00/result_predict_one[6][8]' driven by pin 'add_53_00/GEN_CLA8[6].CLA8_1/result[8]' has no loads. (LINT-2)
Warning: In design 'fmul_rounder', net 'add_53_00/result_predict_zero[6][6]' driven by pin 'add_53_00/GEN_CLA8[6].CLA8_0/result[6]' has no loads. (LINT-2)
Warning: In design 'fmul_rounder', net 'add_53_00/result_predict_zero[6][7]' driven by pin 'add_53_00/GEN_CLA8[6].CLA8_0/result[7]' has no loads. (LINT-2)
Warning: In design 'fmul_rounder', net 'add_53_00/result_predict_zero[6][8]' driven by pin 'add_53_00/GEN_CLA8[6].CLA8_0/result[8]' has no loads. (LINT-2)
Warning: In design 'fmul_rounder', net 'add_13_01/result_predict_one[1][5]' driven by pin 'add_13_01/GEN_CLA8[1].CLA8_1/result[5]' has no loads. (LINT-2)
Warning: In design 'fmul_rounder', net 'add_13_01/result_predict_one[1][6]' driven by pin 'add_13_01/GEN_CLA8[1].CLA8_1/result[6]' has no loads. (LINT-2)
Warning: In design 'fmul_rounder', net 'add_13_01/result_predict_one[1][7]' driven by pin 'add_13_01/GEN_CLA8[1].CLA8_1/result[7]' has no loads. (LINT-2)
Warning: In design 'fmul_rounder', net 'add_13_01/result_predict_one[1][8]' driven by pin 'add_13_01/GEN_CLA8[1].CLA8_1/result[8]' has no loads. (LINT-2)
Warning: In design 'fmul_rounder', net 'add_13_01/result_predict_zero[1][5]' driven by pin 'add_13_01/GEN_CLA8[1].CLA8_0/result[5]' has no loads. (LINT-2)
Warning: In design 'fmul_rounder', net 'add_13_01/result_predict_zero[1][6]' driven by pin 'add_13_01/GEN_CLA8[1].CLA8_0/result[6]' has no loads. (LINT-2)
Warning: In design 'fmul_rounder', net 'add_13_01/result_predict_zero[1][7]' driven by pin 'add_13_01/GEN_CLA8[1].CLA8_0/result[7]' has no loads. (LINT-2)
Warning: In design 'fmul_rounder', net 'add_13_01/result_predict_zero[1][8]' driven by pin 'add_13_01/GEN_CLA8[1].CLA8_0/result[8]' has no loads. (LINT-2)
Warning: In design 'fmul_rounder', net 'sub_13_00/result_predict_one[1][5]' driven by pin 'sub_13_00/GEN_CLA8[1].CLA8_1/result[5]' has no loads. (LINT-2)
Warning: In design 'fmul_rounder', net 'sub_13_00/result_predict_one[1][6]' driven by pin 'sub_13_00/GEN_CLA8[1].CLA8_1/result[6]' has no loads. (LINT-2)
Warning: In design 'fmul_rounder', net 'sub_13_00/result_predict_one[1][7]' driven by pin 'sub_13_00/GEN_CLA8[1].CLA8_1/result[7]' has no loads. (LINT-2)
Warning: In design 'fmul_rounder', net 'sub_13_00/result_predict_one[1][8]' driven by pin 'sub_13_00/GEN_CLA8[1].CLA8_1/result[8]' has no loads. (LINT-2)
Warning: In design 'fmul_rounder', net 'sub_13_00/result_predict_zero[1][5]' driven by pin 'sub_13_00/GEN_CLA8[1].CLA8_0/result[5]' has no loads. (LINT-2)
Warning: In design 'fmul_rounder', net 'sub_13_00/result_predict_zero[1][6]' driven by pin 'sub_13_00/GEN_CLA8[1].CLA8_0/result[6]' has no loads. (LINT-2)
Warning: In design 'fmul_rounder', net 'sub_13_00/result_predict_zero[1][7]' driven by pin 'sub_13_00/GEN_CLA8[1].CLA8_0/result[7]' has no loads. (LINT-2)
Warning: In design 'fmul_rounder', net 'sub_13_00/result_predict_zero[1][8]' driven by pin 'sub_13_00/GEN_CLA8[1].CLA8_0/result[8]' has no loads. (LINT-2)
Warning: In design 'fmul_rounder', net 'add_13_02/result_predict_one[1][5]' driven by pin 'add_13_02/GEN_CLA8[1].CLA8_1/result[5]' has no loads. (LINT-2)
Warning: In design 'fmul_rounder', net 'add_13_02/result_predict_one[1][6]' driven by pin 'add_13_02/GEN_CLA8[1].CLA8_1/result[6]' has no loads. (LINT-2)
Warning: In design 'fmul_rounder', net 'add_13_02/result_predict_one[1][7]' driven by pin 'add_13_02/GEN_CLA8[1].CLA8_1/result[7]' has no loads. (LINT-2)
Warning: In design 'fmul_rounder', net 'add_13_02/result_predict_one[1][8]' driven by pin 'add_13_02/GEN_CLA8[1].CLA8_1/result[8]' has no loads. (LINT-2)
Warning: In design 'fmul_rounder', net 'add_13_02/result_predict_zero[1][5]' driven by pin 'add_13_02/GEN_CLA8[1].CLA8_0/result[5]' has no loads. (LINT-2)
Warning: In design 'fmul_rounder', net 'add_13_02/result_predict_zero[1][6]' driven by pin 'add_13_02/GEN_CLA8[1].CLA8_0/result[6]' has no loads. (LINT-2)
Warning: In design 'fmul_rounder', net 'add_13_02/result_predict_zero[1][7]' driven by pin 'add_13_02/GEN_CLA8[1].CLA8_0/result[7]' has no loads. (LINT-2)
Warning: In design 'fmul_rounder', net 'add_13_02/result_predict_zero[1][8]' driven by pin 'add_13_02/GEN_CLA8[1].CLA8_0/result[8]' has no loads. (LINT-2)
Warning: In design 'LOD_64', output port 'position[11]' is connected directly to output port 'position[7]'. (LINT-31)
Warning: In design 'LOD_64', output port 'position[11]' is connected directly to output port 'position[8]'. (LINT-31)
Warning: In design 'LOD_64', output port 'position[11]' is connected directly to output port 'position[9]'. (LINT-31)
Warning: In design 'LOD_64', output port 'position[11]' is connected directly to output port 'position[10]'. (LINT-31)
Warning: In design 'fmul_rounder', a pin on submodule 'add_13_00' is connected to logic 1 or logic 0. (LINT-32)
   Pin 'in_B[12]' is connected to logic 0. 
Warning: In design 'fmul_rounder', a pin on submodule 'add_13_00' is connected to logic 1 or logic 0. (LINT-32)
   Pin 'in_B[11]' is connected to logic 0. 
Warning: In design 'fmul_rounder', a pin on submodule 'add_13_00' is connected to logic 1 or logic 0. (LINT-32)
   Pin 'in_B[10]' is connected to logic 0. 
Warning: In design 'fmul_rounder', a pin on submodule 'add_13_00' is connected to logic 1 or logic 0. (LINT-32)
   Pin 'in_B[9]' is connected to logic 0. 
Warning: In design 'fmul_rounder', a pin on submodule 'add_13_00' is connected to logic 1 or logic 0. (LINT-32)
   Pin 'in_B[8]' is connected to logic 0. 
Warning: In design 'fmul_rounder', a pin on submodule 'add_13_00' is connected to logic 1 or logic 0. (LINT-32)
   Pin 'in_B[7]' is connected to logic 0. 
Warning: In design 'fmul_rounder', a pin on submodule 'add_13_00' is connected to logic 1 or logic 0. (LINT-32)
   Pin 'in_B[6]' is connected to logic 0. 
Warning: In design 'fmul_rounder', a pin on submodule 'add_13_00' is connected to logic 1 or logic 0. (LINT-32)
   Pin 'in_B[5]' is connected to logic 0. 
Warning: In design 'fmul_rounder', a pin on submodule 'add_13_00' is connected to logic 1 or logic 0. (LINT-32)
   Pin 'in_B[4]' is connected to logic 0. 
Warning: In design 'fmul_rounder', a pin on submodule 'add_13_00' is connected to logic 1 or logic 0. (LINT-32)
   Pin 'in_B[3]' is connected to logic 0. 
Warning: In design 'fmul_rounder', a pin on submodule 'add_13_00' is connected to logic 1 or logic 0. (LINT-32)
   Pin 'in_B[2]' is connected to logic 0. 
Warning: In design 'fmul_rounder', a pin on submodule 'add_13_00' is connected to logic 1 or logic 0. (LINT-32)
   Pin 'in_B[1]' is connected to logic 0. 
Warning: In design 'fmul_rounder', a pin on submodule 'add_13_00' is connected to logic 1 or logic 0. (LINT-32)
   Pin 'in_B[0]' is connected to logic 1. 
Warning: In design 'fmul_rounder', a pin on submodule 'add_53_00' is connected to logic 1 or logic 0. (LINT-32)
   Pin 'in_B[52]' is connected to logic 0. 
Warning: In design 'fmul_rounder', a pin on submodule 'add_53_00' is connected to logic 1 or logic 0. (LINT-32)
   Pin 'in_B[51]' is connected to logic 0. 
Warning: In design 'fmul_rounder', a pin on submodule 'add_53_00' is connected to logic 1 or logic 0. (LINT-32)
   Pin 'in_B[50]' is connected to logic 0. 
Warning: In design 'fmul_rounder', a pin on submodule 'add_53_00' is connected to logic 1 or logic 0. (LINT-32)
   Pin 'in_B[49]' is connected to logic 0. 
Warning: In design 'fmul_rounder', a pin on submodule 'add_53_00' is connected to logic 1 or logic 0. (LINT-32)
   Pin 'in_B[48]' is connected to logic 0. 
Warning: In design 'fmul_rounder', a pin on submodule 'add_53_00' is connected to logic 1 or logic 0. (LINT-32)
   Pin 'in_B[47]' is connected to logic 0. 
Warning: In design 'fmul_rounder', a pin on submodule 'add_53_00' is connected to logic 1 or logic 0. (LINT-32)
   Pin 'in_B[46]' is connected to logic 0. 
Warning: In design 'fmul_rounder', a pin on submodule 'add_53_00' is connected to logic 1 or logic 0. (LINT-32)
   Pin 'in_B[45]' is connected to logic 0. 
Warning: In design 'fmul_rounder', a pin on submodule 'add_53_00' is connected to logic 1 or logic 0. (LINT-32)
   Pin 'in_B[44]' is connected to logic 0. 
Warning: In design 'fmul_rounder', a pin on submodule 'add_53_00' is connected to logic 1 or logic 0. (LINT-32)
   Pin 'in_B[43]' is connected to logic 0. 
Warning: In design 'fmul_rounder', a pin on submodule 'add_53_00' is connected to logic 1 or logic 0. (LINT-32)
   Pin 'in_B[42]' is connected to logic 0. 
Warning: In design 'fmul_rounder', a pin on submodule 'add_53_00' is connected to logic 1 or logic 0. (LINT-32)
   Pin 'in_B[41]' is connected to logic 0. 
Warning: In design 'fmul_rounder', a pin on submodule 'add_53_00' is connected to logic 1 or logic 0. (LINT-32)
   Pin 'in_B[40]' is connected to logic 0. 
Warning: In design 'fmul_rounder', a pin on submodule 'add_53_00' is connected to logic 1 or logic 0. (LINT-32)
   Pin 'in_B[39]' is connected to logic 0. 
Warning: In design 'fmul_rounder', a pin on submodule 'add_53_00' is connected to logic 1 or logic 0. (LINT-32)
   Pin 'in_B[38]' is connected to logic 0. 
Warning: In design 'fmul_rounder', a pin on submodule 'add_53_00' is connected to logic 1 or logic 0. (LINT-32)
   Pin 'in_B[37]' is connected to logic 0. 
Warning: In design 'fmul_rounder', a pin on submodule 'add_53_00' is connected to logic 1 or logic 0. (LINT-32)
   Pin 'in_B[36]' is connected to logic 0. 
Warning: In design 'fmul_rounder', a pin on submodule 'add_53_00' is connected to logic 1 or logic 0. (LINT-32)
   Pin 'in_B[35]' is connected to logic 0. 
Warning: In design 'fmul_rounder', a pin on submodule 'add_53_00' is connected to logic 1 or logic 0. (LINT-32)
   Pin 'in_B[34]' is connected to logic 0. 
Warning: In design 'fmul_rounder', a pin on submodule 'add_53_00' is connected to logic 1 or logic 0. (LINT-32)
   Pin 'in_B[33]' is connected to logic 0. 
Warning: In design 'fmul_rounder', a pin on submodule 'add_53_00' is connected to logic 1 or logic 0. (LINT-32)
   Pin 'in_B[32]' is connected to logic 0. 
Warning: In design 'fmul_rounder', a pin on submodule 'add_53_00' is connected to logic 1 or logic 0. (LINT-32)
   Pin 'in_B[31]' is connected to logic 0. 
Warning: In design 'fmul_rounder', a pin on submodule 'add_53_00' is connected to logic 1 or logic 0. (LINT-32)
   Pin 'in_B[30]' is connected to logic 0. 
Warning: In design 'fmul_rounder', a pin on submodule 'add_53_00' is connected to logic 1 or logic 0. (LINT-32)
   Pin 'in_B[29]' is connected to logic 0. 
Warning: In design 'fmul_rounder', a pin on submodule 'add_53_00' is connected to logic 1 or logic 0. (LINT-32)
   Pin 'in_B[28]' is connected to logic 0. 
Warning: In design 'fmul_rounder', a pin on submodule 'add_53_00' is connected to logic 1 or logic 0. (LINT-32)
   Pin 'in_B[27]' is connected to logic 0. 
Warning: In design 'fmul_rounder', a pin on submodule 'add_53_00' is connected to logic 1 or logic 0. (LINT-32)
   Pin 'in_B[26]' is connected to logic 0. 
Warning: In design 'fmul_rounder', a pin on submodule 'add_53_00' is connected to logic 1 or logic 0. (LINT-32)
   Pin 'in_B[25]' is connected to logic 0. 
Warning: In design 'fmul_rounder', a pin on submodule 'add_53_00' is connected to logic 1 or logic 0. (LINT-32)
   Pin 'in_B[24]' is connected to logic 0. 
Warning: In design 'fmul_rounder', a pin on submodule 'add_53_00' is connected to logic 1 or logic 0. (LINT-32)
   Pin 'in_B[23]' is connected to logic 0. 
Warning: In design 'fmul_rounder', a pin on submodule 'add_53_00' is connected to logic 1 or logic 0. (LINT-32)
   Pin 'in_B[22]' is connected to logic 0. 
Warning: In design 'fmul_rounder', a pin on submodule 'add_53_00' is connected to logic 1 or logic 0. (LINT-32)
   Pin 'in_B[21]' is connected to logic 0. 
Warning: In design 'fmul_rounder', a pin on submodule 'add_53_00' is connected to logic 1 or logic 0. (LINT-32)
   Pin 'in_B[20]' is connected to logic 0. 
Warning: In design 'fmul_rounder', a pin on submodule 'add_53_00' is connected to logic 1 or logic 0. (LINT-32)
   Pin 'in_B[19]' is connected to logic 0. 
Warning: In design 'fmul_rounder', a pin on submodule 'add_53_00' is connected to logic 1 or logic 0. (LINT-32)
   Pin 'in_B[18]' is connected to logic 0. 
Warning: In design 'fmul_rounder', a pin on submodule 'add_53_00' is connected to logic 1 or logic 0. (LINT-32)
   Pin 'in_B[17]' is connected to logic 0. 
Warning: In design 'fmul_rounder', a pin on submodule 'add_53_00' is connected to logic 1 or logic 0. (LINT-32)
   Pin 'in_B[16]' is connected to logic 0. 
Warning: In design 'fmul_rounder', a pin on submodule 'add_53_00' is connected to logic 1 or logic 0. (LINT-32)
   Pin 'in_B[15]' is connected to logic 0. 
Warning: In design 'fmul_rounder', a pin on submodule 'add_53_00' is connected to logic 1 or logic 0. (LINT-32)
   Pin 'in_B[14]' is connected to logic 0. 
Warning: In design 'fmul_rounder', a pin on submodule 'add_53_00' is connected to logic 1 or logic 0. (LINT-32)
   Pin 'in_B[13]' is connected to logic 0. 
Warning: In design 'fmul_rounder', a pin on submodule 'add_53_00' is connected to logic 1 or logic 0. (LINT-32)
   Pin 'in_B[12]' is connected to logic 0. 
Warning: In design 'fmul_rounder', a pin on submodule 'add_53_00' is connected to logic 1 or logic 0. (LINT-32)
   Pin 'in_B[11]' is connected to logic 0. 
Warning: In design 'fmul_rounder', a pin on submodule 'add_53_00' is connected to logic 1 or logic 0. (LINT-32)
   Pin 'in_B[10]' is connected to logic 0. 
Warning: In design 'fmul_rounder', a pin on submodule 'add_53_00' is connected to logic 1 or logic 0. (LINT-32)
   Pin 'in_B[9]' is connected to logic 0. 
Warning: In design 'fmul_rounder', a pin on submodule 'add_53_00' is connected to logic 1 or logic 0. (LINT-32)
   Pin 'in_B[8]' is connected to logic 0. 
Warning: In design 'fmul_rounder', a pin on submodule 'add_53_00' is connected to logic 1 or logic 0. (LINT-32)
   Pin 'in_B[7]' is connected to logic 0. 
Warning: In design 'fmul_rounder', a pin on submodule 'add_53_00' is connected to logic 1 or logic 0. (LINT-32)
   Pin 'in_B[6]' is connected to logic 0. 
Warning: In design 'fmul_rounder', a pin on submodule 'add_53_00' is connected to logic 1 or logic 0. (LINT-32)
   Pin 'in_B[5]' is connected to logic 0. 
Warning: In design 'fmul_rounder', a pin on submodule 'add_53_00' is connected to logic 1 or logic 0. (LINT-32)
   Pin 'in_B[4]' is connected to logic 0. 
Warning: In design 'fmul_rounder', a pin on submodule 'add_53_00' is connected to logic 1 or logic 0. (LINT-32)
   Pin 'in_B[3]' is connected to logic 0. 
Warning: In design 'fmul_rounder', a pin on submodule 'add_53_00' is connected to logic 1 or logic 0. (LINT-32)
   Pin 'in_B[2]' is connected to logic 0. 
Warning: In design 'fmul_rounder', a pin on submodule 'add_53_00' is connected to logic 1 or logic 0. (LINT-32)
   Pin 'in_B[1]' is connected to logic 0. 
Warning: In design 'fmul_rounder', a pin on submodule 'add_53_00' is connected to logic 1 or logic 0. (LINT-32)
   Pin 'in_B[0]' is connected to logic 1. 
Warning: In design 'fmul_rounder', a pin on submodule 'add_13_01' is connected to logic 1 or logic 0. (LINT-32)
   Pin 'in_B[12]' is connected to logic 0. 
Warning: In design 'fmul_rounder', a pin on submodule 'add_13_01' is connected to logic 1 or logic 0. (LINT-32)
   Pin 'in_B[11]' is connected to logic 0. 
Warning: In design 'fmul_rounder', a pin on submodule 'add_13_01' is connected to logic 1 or logic 0. (LINT-32)
   Pin 'in_B[10]' is connected to logic 0. 
Warning: In design 'fmul_rounder', a pin on submodule 'add_13_01' is connected to logic 1 or logic 0. (LINT-32)
   Pin 'in_B[9]' is connected to logic 0. 
Warning: In design 'fmul_rounder', a pin on submodule 'add_13_01' is connected to logic 1 or logic 0. (LINT-32)
   Pin 'in_B[8]' is connected to logic 0. 
Warning: In design 'fmul_rounder', a pin on submodule 'add_13_01' is connected to logic 1 or logic 0. (LINT-32)
   Pin 'in_B[7]' is connected to logic 0. 
Warning: In design 'fmul_rounder', a pin on submodule 'add_13_01' is connected to logic 1 or logic 0. (LINT-32)
   Pin 'in_B[6]' is connected to logic 0. 
Warning: In design 'fmul_rounder', a pin on submodule 'add_13_01' is connected to logic 1 or logic 0. (LINT-32)
   Pin 'in_B[5]' is connected to logic 0. 
Warning: In design 'fmul_rounder', a pin on submodule 'add_13_01' is connected to logic 1 or logic 0. (LINT-32)
   Pin 'in_B[4]' is connected to logic 0. 
Warning: In design 'fmul_rounder', a pin on submodule 'add_13_01' is connected to logic 1 or logic 0. (LINT-32)
   Pin 'in_B[3]' is connected to logic 0. 
Warning: In design 'fmul_rounder', a pin on submodule 'add_13_01' is connected to logic 1 or logic 0. (LINT-32)
   Pin 'in_B[2]' is connected to logic 0. 
Warning: In design 'fmul_rounder', a pin on submodule 'add_13_01' is connected to logic 1 or logic 0. (LINT-32)
   Pin 'in_B[1]' is connected to logic 0. 
Warning: In design 'fmul_rounder', a pin on submodule 'add_13_01' is connected to logic 1 or logic 0. (LINT-32)
   Pin 'in_B[0]' is connected to logic 1. 
Warning: In design 'fmul_rounder', a pin on submodule 'add_13_02' is connected to logic 1 or logic 0. (LINT-32)
   Pin 'in_B[12]' is connected to logic 0. 
Warning: In design 'fmul_rounder', a pin on submodule 'add_13_02' is connected to logic 1 or logic 0. (LINT-32)
   Pin 'in_B[11]' is connected to logic 0. 
Warning: In design 'fmul_rounder', a pin on submodule 'add_13_02' is connected to logic 1 or logic 0. (LINT-32)
   Pin 'in_B[10]' is connected to logic 0. 
Warning: In design 'fmul_rounder', a pin on submodule 'add_13_02' is connected to logic 1 or logic 0. (LINT-32)
   Pin 'in_B[9]' is connected to logic 0. 
Warning: In design 'fmul_rounder', a pin on submodule 'add_13_02' is connected to logic 1 or logic 0. (LINT-32)
   Pin 'in_B[8]' is connected to logic 0. 
Warning: In design 'fmul_rounder', a pin on submodule 'add_13_02' is connected to logic 1 or logic 0. (LINT-32)
   Pin 'in_B[7]' is connected to logic 0. 
Warning: In design 'fmul_rounder', a pin on submodule 'add_13_02' is connected to logic 1 or logic 0. (LINT-32)
   Pin 'in_B[6]' is connected to logic 0. 
Warning: In design 'fmul_rounder', a pin on submodule 'add_13_02' is connected to logic 1 or logic 0. (LINT-32)
   Pin 'in_B[5]' is connected to logic 0. 
Warning: In design 'fmul_rounder', a pin on submodule 'add_13_02' is connected to logic 1 or logic 0. (LINT-32)
   Pin 'in_B[4]' is connected to logic 0. 
Warning: In design 'fmul_rounder', a pin on submodule 'add_13_02' is connected to logic 1 or logic 0. (LINT-32)
   Pin 'in_B[3]' is connected to logic 0. 
Warning: In design 'fmul_rounder', a pin on submodule 'add_13_02' is connected to logic 1 or logic 0. (LINT-32)
   Pin 'in_B[2]' is connected to logic 0. 
Warning: In design 'fmul_rounder', a pin on submodule 'add_13_02' is connected to logic 1 or logic 0. (LINT-32)
   Pin 'in_B[1]' is connected to logic 0. 
Warning: In design 'fmul_rounder', a pin on submodule 'LOD_00' is connected to logic 1 or logic 0. (LINT-32)
   Pin 'A[10]' is connected to logic 1. 
Warning: In design 'fmul_rounder', a pin on submodule 'LOD_00' is connected to logic 1 or logic 0. (LINT-32)
   Pin 'A[9]' is connected to logic 1. 
Warning: In design 'fmul_rounder', a pin on submodule 'LOD_00' is connected to logic 1 or logic 0. (LINT-32)
   Pin 'A[8]' is connected to logic 1. 
Warning: In design 'fmul_rounder', a pin on submodule 'LOD_00' is connected to logic 1 or logic 0. (LINT-32)
   Pin 'A[7]' is connected to logic 1. 
Warning: In design 'fmul_rounder', a pin on submodule 'LOD_00' is connected to logic 1 or logic 0. (LINT-32)
   Pin 'A[6]' is connected to logic 1. 
Warning: In design 'fmul_rounder', a pin on submodule 'LOD_00' is connected to logic 1 or logic 0. (LINT-32)
   Pin 'A[5]' is connected to logic 1. 
Warning: In design 'fmul_rounder', a pin on submodule 'LOD_00' is connected to logic 1 or logic 0. (LINT-32)
   Pin 'A[4]' is connected to logic 1. 
Warning: In design 'fmul_rounder', a pin on submodule 'LOD_00' is connected to logic 1 or logic 0. (LINT-32)
   Pin 'A[3]' is connected to logic 1. 
Warning: In design 'fmul_rounder', a pin on submodule 'LOD_00' is connected to logic 1 or logic 0. (LINT-32)
   Pin 'A[2]' is connected to logic 1. 
Warning: In design 'fmul_rounder', a pin on submodule 'LOD_00' is connected to logic 1 or logic 0. (LINT-32)
   Pin 'A[1]' is connected to logic 1. 
Warning: In design 'fmul_rounder', a pin on submodule 'LOD_00' is connected to logic 1 or logic 0. (LINT-32)
   Pin 'A[0]' is connected to logic 1. 
Warning: In design 'fmul_rounder', a pin on submodule 'sub_13_00' is connected to logic 1 or logic 0. (LINT-32)
   Pin 'in_A[12]' is connected to logic 0. 
Warning: In design 'fmul_rounder', a pin on submodule 'sub_13_00' is connected to logic 1 or logic 0. (LINT-32)
   Pin 'in_B[12]' is connected to logic 0. 
Warning: In design 'add_13_overflow', a pin on submodule 'CLA8_zero' is connected to logic 1 or logic 0. (LINT-32)
   Pin 'Cin' is connected to logic 0. 
Warning: In design 'add_13_overflow', a pin on submodule 'GEN_CLA8[1].CLA8_0' is connected to logic 1 or logic 0. (LINT-32)
   Pin 'Cin' is connected to logic 0. 
Warning: In design 'add_13_overflow', a pin on submodule 'GEN_CLA8[1].CLA8_0' is connected to logic 1 or logic 0. (LINT-32)
   Pin 'A[7]' is connected to logic 0. 
Warning: In design 'add_13_overflow', a pin on submodule 'GEN_CLA8[1].CLA8_0' is connected to logic 1 or logic 0. (LINT-32)
   Pin 'A[6]' is connected to logic 0. 
Warning: In design 'add_13_overflow', a pin on submodule 'GEN_CLA8[1].CLA8_0' is connected to logic 1 or logic 0. (LINT-32)
   Pin 'A[5]' is connected to logic 0. 
Warning: In design 'add_13_overflow', a pin on submodule 'GEN_CLA8[1].CLA8_0' is connected to logic 1 or logic 0. (LINT-32)
   Pin 'B[7]' is connected to logic 0. 
Warning: In design 'add_13_overflow', a pin on submodule 'GEN_CLA8[1].CLA8_0' is connected to logic 1 or logic 0. (LINT-32)
   Pin 'B[6]' is connected to logic 0. 
Warning: In design 'add_13_overflow', a pin on submodule 'GEN_CLA8[1].CLA8_0' is connected to logic 1 or logic 0. (LINT-32)
   Pin 'B[5]' is connected to logic 0. 
Warning: In design 'add_13_overflow', a pin on submodule 'GEN_CLA8[1].CLA8_1' is connected to logic 1 or logic 0. (LINT-32)
   Pin 'Cin' is connected to logic 1. 
Warning: In design 'add_13_overflow', a pin on submodule 'GEN_CLA8[1].CLA8_1' is connected to logic 1 or logic 0. (LINT-32)
   Pin 'A[7]' is connected to logic 0. 
Warning: In design 'add_13_overflow', a pin on submodule 'GEN_CLA8[1].CLA8_1' is connected to logic 1 or logic 0. (LINT-32)
   Pin 'A[6]' is connected to logic 0. 
Warning: In design 'add_13_overflow', a pin on submodule 'GEN_CLA8[1].CLA8_1' is connected to logic 1 or logic 0. (LINT-32)
   Pin 'A[5]' is connected to logic 0. 
Warning: In design 'add_13_overflow', a pin on submodule 'GEN_CLA8[1].CLA8_1' is connected to logic 1 or logic 0. (LINT-32)
   Pin 'B[7]' is connected to logic 0. 
Warning: In design 'add_13_overflow', a pin on submodule 'GEN_CLA8[1].CLA8_1' is connected to logic 1 or logic 0. (LINT-32)
   Pin 'B[6]' is connected to logic 0. 
Warning: In design 'add_13_overflow', a pin on submodule 'GEN_CLA8[1].CLA8_1' is connected to logic 1 or logic 0. (LINT-32)
   Pin 'B[5]' is connected to logic 0. 
Warning: In design 'add_53_overflow', a pin on submodule 'CLA8_zero' is connected to logic 1 or logic 0. (LINT-32)
   Pin 'Cin' is connected to logic 0. 
Warning: In design 'add_53_overflow', a pin on submodule 'GEN_CLA8[1].CLA8_0' is connected to logic 1 or logic 0. (LINT-32)
   Pin 'Cin' is connected to logic 0. 
Warning: In design 'add_53_overflow', a pin on submodule 'GEN_CLA8[1].CLA8_1' is connected to logic 1 or logic 0. (LINT-32)
   Pin 'Cin' is connected to logic 1. 
Warning: In design 'add_53_overflow', a pin on submodule 'GEN_CLA8[2].CLA8_0' is connected to logic 1 or logic 0. (LINT-32)
   Pin 'Cin' is connected to logic 0. 
Warning: In design 'add_53_overflow', a pin on submodule 'GEN_CLA8[2].CLA8_1' is connected to logic 1 or logic 0. (LINT-32)
   Pin 'Cin' is connected to logic 1. 
Warning: In design 'add_53_overflow', a pin on submodule 'GEN_CLA8[3].CLA8_0' is connected to logic 1 or logic 0. (LINT-32)
   Pin 'Cin' is connected to logic 0. 
Warning: In design 'add_53_overflow', a pin on submodule 'GEN_CLA8[3].CLA8_1' is connected to logic 1 or logic 0. (LINT-32)
   Pin 'Cin' is connected to logic 1. 
Warning: In design 'add_53_overflow', a pin on submodule 'GEN_CLA8[4].CLA8_0' is connected to logic 1 or logic 0. (LINT-32)
   Pin 'Cin' is connected to logic 0. 
Warning: In design 'add_53_overflow', a pin on submodule 'GEN_CLA8[4].CLA8_1' is connected to logic 1 or logic 0. (LINT-32)
   Pin 'Cin' is connected to logic 1. 
Warning: In design 'add_53_overflow', a pin on submodule 'GEN_CLA8[5].CLA8_0' is connected to logic 1 or logic 0. (LINT-32)
   Pin 'Cin' is connected to logic 0. 
Warning: In design 'add_53_overflow', a pin on submodule 'GEN_CLA8[5].CLA8_1' is connected to logic 1 or logic 0. (LINT-32)
   Pin 'Cin' is connected to logic 1. 
Warning: In design 'add_53_overflow', a pin on submodule 'GEN_CLA8[6].CLA8_0' is connected to logic 1 or logic 0. (LINT-32)
   Pin 'Cin' is connected to logic 0. 
Warning: In design 'add_53_overflow', a pin on submodule 'GEN_CLA8[6].CLA8_0' is connected to logic 1 or logic 0. (LINT-32)
   Pin 'A[7]' is connected to logic 0. 
Warning: In design 'add_53_overflow', a pin on submodule 'GEN_CLA8[6].CLA8_0' is connected to logic 1 or logic 0. (LINT-32)
   Pin 'A[6]' is connected to logic 0. 
Warning: In design 'add_53_overflow', a pin on submodule 'GEN_CLA8[6].CLA8_0' is connected to logic 1 or logic 0. (LINT-32)
   Pin 'A[5]' is connected to logic 0. 
Warning: In design 'add_53_overflow', a pin on submodule 'GEN_CLA8[6].CLA8_0' is connected to logic 1 or logic 0. (LINT-32)
   Pin 'B[7]' is connected to logic 0. 
Warning: In design 'add_53_overflow', a pin on submodule 'GEN_CLA8[6].CLA8_0' is connected to logic 1 or logic 0. (LINT-32)
   Pin 'B[6]' is connected to logic 0. 
Warning: In design 'add_53_overflow', a pin on submodule 'GEN_CLA8[6].CLA8_0' is connected to logic 1 or logic 0. (LINT-32)
   Pin 'B[5]' is connected to logic 0. 
Warning: In design 'add_53_overflow', a pin on submodule 'GEN_CLA8[6].CLA8_1' is connected to logic 1 or logic 0. (LINT-32)
   Pin 'Cin' is connected to logic 1. 
Warning: In design 'add_53_overflow', a pin on submodule 'GEN_CLA8[6].CLA8_1' is connected to logic 1 or logic 0. (LINT-32)
   Pin 'A[7]' is connected to logic 0. 
Warning: In design 'add_53_overflow', a pin on submodule 'GEN_CLA8[6].CLA8_1' is connected to logic 1 or logic 0. (LINT-32)
   Pin 'A[6]' is connected to logic 0. 
Warning: In design 'add_53_overflow', a pin on submodule 'GEN_CLA8[6].CLA8_1' is connected to logic 1 or logic 0. (LINT-32)
   Pin 'A[5]' is connected to logic 0. 
Warning: In design 'add_53_overflow', a pin on submodule 'GEN_CLA8[6].CLA8_1' is connected to logic 1 or logic 0. (LINT-32)
   Pin 'B[7]' is connected to logic 0. 
Warning: In design 'add_53_overflow', a pin on submodule 'GEN_CLA8[6].CLA8_1' is connected to logic 1 or logic 0. (LINT-32)
   Pin 'B[6]' is connected to logic 0. 
Warning: In design 'add_53_overflow', a pin on submodule 'GEN_CLA8[6].CLA8_1' is connected to logic 1 or logic 0. (LINT-32)
   Pin 'B[5]' is connected to logic 0. 
Warning: In design 'add_13_1', a pin on submodule 'CLA8_zero' is connected to logic 1 or logic 0. (LINT-32)
   Pin 'Cin' is connected to logic 0. 
Warning: In design 'add_13_1', a pin on submodule 'GEN_CLA8[1].CLA8_0' is connected to logic 1 or logic 0. (LINT-32)
   Pin 'Cin' is connected to logic 0. 
Warning: In design 'add_13_1', a pin on submodule 'GEN_CLA8[1].CLA8_0' is connected to logic 1 or logic 0. (LINT-32)
   Pin 'A[7]' is connected to logic 0. 
Warning: In design 'add_13_1', a pin on submodule 'GEN_CLA8[1].CLA8_0' is connected to logic 1 or logic 0. (LINT-32)
   Pin 'A[6]' is connected to logic 0. 
Warning: In design 'add_13_1', a pin on submodule 'GEN_CLA8[1].CLA8_0' is connected to logic 1 or logic 0. (LINT-32)
   Pin 'A[5]' is connected to logic 0. 
Warning: In design 'add_13_1', a pin on submodule 'GEN_CLA8[1].CLA8_0' is connected to logic 1 or logic 0. (LINT-32)
   Pin 'B[7]' is connected to logic 0. 
Warning: In design 'add_13_1', a pin on submodule 'GEN_CLA8[1].CLA8_0' is connected to logic 1 or logic 0. (LINT-32)
   Pin 'B[6]' is connected to logic 0. 
Warning: In design 'add_13_1', a pin on submodule 'GEN_CLA8[1].CLA8_0' is connected to logic 1 or logic 0. (LINT-32)
   Pin 'B[5]' is connected to logic 0. 
Warning: In design 'add_13_1', a pin on submodule 'GEN_CLA8[1].CLA8_1' is connected to logic 1 or logic 0. (LINT-32)
   Pin 'Cin' is connected to logic 1. 
Warning: In design 'add_13_1', a pin on submodule 'GEN_CLA8[1].CLA8_1' is connected to logic 1 or logic 0. (LINT-32)
   Pin 'A[7]' is connected to logic 0. 
Warning: In design 'add_13_1', a pin on submodule 'GEN_CLA8[1].CLA8_1' is connected to logic 1 or logic 0. (LINT-32)
   Pin 'A[6]' is connected to logic 0. 
Warning: In design 'add_13_1', a pin on submodule 'GEN_CLA8[1].CLA8_1' is connected to logic 1 or logic 0. (LINT-32)
   Pin 'A[5]' is connected to logic 0. 
Warning: In design 'add_13_1', a pin on submodule 'GEN_CLA8[1].CLA8_1' is connected to logic 1 or logic 0. (LINT-32)
   Pin 'B[7]' is connected to logic 0. 
Warning: In design 'add_13_1', a pin on submodule 'GEN_CLA8[1].CLA8_1' is connected to logic 1 or logic 0. (LINT-32)
   Pin 'B[6]' is connected to logic 0. 
Warning: In design 'add_13_1', a pin on submodule 'GEN_CLA8[1].CLA8_1' is connected to logic 1 or logic 0. (LINT-32)
   Pin 'B[5]' is connected to logic 0. 
Warning: In design 'sub_13', a pin on submodule 'CLA8_zero' is connected to logic 1 or logic 0. (LINT-32)
   Pin 'Cin' is connected to logic 1. 
Warning: In design 'sub_13', a pin on submodule 'GEN_CLA8[1].CLA8_0' is connected to logic 1 or logic 0. (LINT-32)
   Pin 'Cin' is connected to logic 0. 
Warning: In design 'sub_13', a pin on submodule 'GEN_CLA8[1].CLA8_0' is connected to logic 1 or logic 0. (LINT-32)
   Pin 'A[7]' is connected to logic 0. 
Warning: In design 'sub_13', a pin on submodule 'GEN_CLA8[1].CLA8_0' is connected to logic 1 or logic 0. (LINT-32)
   Pin 'A[6]' is connected to logic 0. 
Warning: In design 'sub_13', a pin on submodule 'GEN_CLA8[1].CLA8_0' is connected to logic 1 or logic 0. (LINT-32)
   Pin 'A[5]' is connected to logic 0. 
Warning: In design 'sub_13', a pin on submodule 'GEN_CLA8[1].CLA8_0' is connected to logic 1 or logic 0. (LINT-32)
   Pin 'B[7]' is connected to logic 0. 
Warning: In design 'sub_13', a pin on submodule 'GEN_CLA8[1].CLA8_0' is connected to logic 1 or logic 0. (LINT-32)
   Pin 'B[6]' is connected to logic 0. 
Warning: In design 'sub_13', a pin on submodule 'GEN_CLA8[1].CLA8_0' is connected to logic 1 or logic 0. (LINT-32)
   Pin 'B[5]' is connected to logic 0. 
Warning: In design 'sub_13', a pin on submodule 'GEN_CLA8[1].CLA8_1' is connected to logic 1 or logic 0. (LINT-32)
   Pin 'Cin' is connected to logic 1. 
Warning: In design 'sub_13', a pin on submodule 'GEN_CLA8[1].CLA8_1' is connected to logic 1 or logic 0. (LINT-32)
   Pin 'A[7]' is connected to logic 0. 
Warning: In design 'sub_13', a pin on submodule 'GEN_CLA8[1].CLA8_1' is connected to logic 1 or logic 0. (LINT-32)
   Pin 'A[6]' is connected to logic 0. 
Warning: In design 'sub_13', a pin on submodule 'GEN_CLA8[1].CLA8_1' is connected to logic 1 or logic 0. (LINT-32)
   Pin 'A[5]' is connected to logic 0. 
Warning: In design 'sub_13', a pin on submodule 'GEN_CLA8[1].CLA8_1' is connected to logic 1 or logic 0. (LINT-32)
   Pin 'B[7]' is connected to logic 0. 
Warning: In design 'sub_13', a pin on submodule 'GEN_CLA8[1].CLA8_1' is connected to logic 1 or logic 0. (LINT-32)
   Pin 'B[6]' is connected to logic 0. 
Warning: In design 'sub_13', a pin on submodule 'GEN_CLA8[1].CLA8_1' is connected to logic 1 or logic 0. (LINT-32)
   Pin 'B[5]' is connected to logic 0. 
Warning: In design 'add_13_0', a pin on submodule 'CLA8_zero' is connected to logic 1 or logic 0. (LINT-32)
   Pin 'Cin' is connected to logic 0. 
Warning: In design 'add_13_0', a pin on submodule 'GEN_CLA8[1].CLA8_0' is connected to logic 1 or logic 0. (LINT-32)
   Pin 'Cin' is connected to logic 0. 
Warning: In design 'add_13_0', a pin on submodule 'GEN_CLA8[1].CLA8_0' is connected to logic 1 or logic 0. (LINT-32)
   Pin 'A[7]' is connected to logic 0. 
Warning: In design 'add_13_0', a pin on submodule 'GEN_CLA8[1].CLA8_0' is connected to logic 1 or logic 0. (LINT-32)
   Pin 'A[6]' is connected to logic 0. 
Warning: In design 'add_13_0', a pin on submodule 'GEN_CLA8[1].CLA8_0' is connected to logic 1 or logic 0. (LINT-32)
   Pin 'A[5]' is connected to logic 0. 
Warning: In design 'add_13_0', a pin on submodule 'GEN_CLA8[1].CLA8_0' is connected to logic 1 or logic 0. (LINT-32)
   Pin 'B[7]' is connected to logic 0. 
Warning: In design 'add_13_0', a pin on submodule 'GEN_CLA8[1].CLA8_0' is connected to logic 1 or logic 0. (LINT-32)
   Pin 'B[6]' is connected to logic 0. 
Warning: In design 'add_13_0', a pin on submodule 'GEN_CLA8[1].CLA8_0' is connected to logic 1 or logic 0. (LINT-32)
   Pin 'B[5]' is connected to logic 0. 
Warning: In design 'add_13_0', a pin on submodule 'GEN_CLA8[1].CLA8_1' is connected to logic 1 or logic 0. (LINT-32)
   Pin 'Cin' is connected to logic 1. 
Warning: In design 'add_13_0', a pin on submodule 'GEN_CLA8[1].CLA8_1' is connected to logic 1 or logic 0. (LINT-32)
   Pin 'A[7]' is connected to logic 0. 
Warning: In design 'add_13_0', a pin on submodule 'GEN_CLA8[1].CLA8_1' is connected to logic 1 or logic 0. (LINT-32)
   Pin 'A[6]' is connected to logic 0. 
Warning: In design 'add_13_0', a pin on submodule 'GEN_CLA8[1].CLA8_1' is connected to logic 1 or logic 0. (LINT-32)
   Pin 'A[5]' is connected to logic 0. 
Warning: In design 'add_13_0', a pin on submodule 'GEN_CLA8[1].CLA8_1' is connected to logic 1 or logic 0. (LINT-32)
   Pin 'B[7]' is connected to logic 0. 
Warning: In design 'add_13_0', a pin on submodule 'GEN_CLA8[1].CLA8_1' is connected to logic 1 or logic 0. (LINT-32)
   Pin 'B[6]' is connected to logic 0. 
Warning: In design 'add_13_0', a pin on submodule 'GEN_CLA8[1].CLA8_1' is connected to logic 1 or logic 0. (LINT-32)
   Pin 'B[5]' is connected to logic 0. 
Warning: In design 'fmul_rounder', the same net is connected to more than one pin on submodule 'add_13_00'. (LINT-33)
   Net '*Logic0*' is connected to pins 'in_B[12]', 'in_B[11]'', 'in_B[10]', 'in_B[9]', 'in_B[8]', 'in_B[7]', 'in_B[6]', 'in_B[5]', 'in_B[4]', 'in_B[3]', 'in_B[2]', 'in_B[1]'.
Warning: In design 'fmul_rounder', the same net is connected to more than one pin on submodule 'add_53_00'. (LINT-33)
   Net '*Logic0*' is connected to pins 'in_B[52]', 'in_B[51]'', 'in_B[50]', 'in_B[49]', 'in_B[48]', 'in_B[47]', 'in_B[46]', 'in_B[45]', 'in_B[44]', 'in_B[43]', 'in_B[42]', 'in_B[41]', 'in_B[40]', 'in_B[39]', 'in_B[38]', 'in_B[37]', 'in_B[36]', 'in_B[35]', 'in_B[34]', 'in_B[33]', 'in_B[32]', 'in_B[31]', 'in_B[30]', 'in_B[29]', 'in_B[28]', 'in_B[27]', 'in_B[26]', 'in_B[25]', 'in_B[24]', 'in_B[23]', 'in_B[22]', 'in_B[21]', 'in_B[20]', 'in_B[19]', 'in_B[18]', 'in_B[17]', 'in_B[16]', 'in_B[15]', 'in_B[14]', 'in_B[13]', 'in_B[12]', 'in_B[11]', 'in_B[10]', 'in_B[9]', 'in_B[8]', 'in_B[7]', 'in_B[6]', 'in_B[5]', 'in_B[4]', 'in_B[3]', 'in_B[2]', 'in_B[1]'.
Warning: In design 'fmul_rounder', the same net is connected to more than one pin on submodule 'add_13_01'. (LINT-33)
   Net '*Logic0*' is connected to pins 'in_B[12]', 'in_B[11]'', 'in_B[10]', 'in_B[9]', 'in_B[8]', 'in_B[7]', 'in_B[6]', 'in_B[5]', 'in_B[4]', 'in_B[3]', 'in_B[2]', 'in_B[1]'.
Warning: In design 'fmul_rounder', the same net is connected to more than one pin on submodule 'add_13_02'. (LINT-33)
   Net '*Logic0*' is connected to pins 'in_B[12]', 'in_B[11]'', 'in_B[10]', 'in_B[9]', 'in_B[8]', 'in_B[7]', 'in_B[6]', 'in_B[5]', 'in_B[4]', 'in_B[3]', 'in_B[2]', 'in_B[1]'.
Warning: In design 'fmul_rounder', the same net is connected to more than one pin on submodule 'LOD_00'. (LINT-33)
   Net '*Logic1*' is connected to pins 'A[10]', 'A[9]'', 'A[8]', 'A[7]', 'A[6]', 'A[5]', 'A[4]', 'A[3]', 'A[2]', 'A[1]', 'A[0]'.
Warning: In design 'fmul_rounder', the same net is connected to more than one pin on submodule 'sub_13_00'. (LINT-33)
   Net '*Logic0*' is connected to pins 'in_A[12]', 'in_B[12]''.
Warning: In design 'add_13_overflow', the same net is connected to more than one pin on submodule 'GEN_CLA8[1].CLA8_0'. (LINT-33)
   Net '*Logic0*' is connected to pins 'Cin', 'A[7]'', 'A[6]', 'A[5]', 'B[7]', 'B[6]', 'B[5]'.
Warning: In design 'add_13_overflow', the same net is connected to more than one pin on submodule 'GEN_CLA8[1].CLA8_1'. (LINT-33)
   Net '*Logic0*' is connected to pins 'A[7]', 'A[6]'', 'A[5]', 'B[7]', 'B[6]', 'B[5]'.
Warning: In design 'add_53_overflow', the same net is connected to more than one pin on submodule 'GEN_CLA8[6].CLA8_0'. (LINT-33)
   Net '*Logic0*' is connected to pins 'Cin', 'A[7]'', 'A[6]', 'A[5]', 'B[7]', 'B[6]', 'B[5]'.
Warning: In design 'add_53_overflow', the same net is connected to more than one pin on submodule 'GEN_CLA8[6].CLA8_1'. (LINT-33)
   Net '*Logic0*' is connected to pins 'A[7]', 'A[6]'', 'A[5]', 'B[7]', 'B[6]', 'B[5]'.
Warning: In design 'add_13_1', the same net is connected to more than one pin on submodule 'GEN_CLA8[1].CLA8_0'. (LINT-33)
   Net '*Logic0*' is connected to pins 'Cin', 'A[7]'', 'A[6]', 'A[5]', 'B[7]', 'B[6]', 'B[5]'.
Warning: In design 'add_13_1', the same net is connected to more than one pin on submodule 'GEN_CLA8[1].CLA8_1'. (LINT-33)
   Net '*Logic0*' is connected to pins 'A[7]', 'A[6]'', 'A[5]', 'B[7]', 'B[6]', 'B[5]'.
Warning: In design 'sub_13', the same net is connected to more than one pin on submodule 'GEN_CLA8[1].CLA8_0'. (LINT-33)
   Net '*Logic0*' is connected to pins 'Cin', 'A[7]'', 'A[6]', 'A[5]', 'B[7]', 'B[6]', 'B[5]'.
Warning: In design 'sub_13', the same net is connected to more than one pin on submodule 'GEN_CLA8[1].CLA8_1'. (LINT-33)
   Net '*Logic0*' is connected to pins 'A[7]', 'A[6]'', 'A[5]', 'B[7]', 'B[6]', 'B[5]'.
Warning: In design 'add_13_0', the same net is connected to more than one pin on submodule 'GEN_CLA8[1].CLA8_0'. (LINT-33)
   Net '*Logic0*' is connected to pins 'Cin', 'A[7]'', 'A[6]', 'A[5]', 'B[7]', 'B[6]', 'B[5]'.
Warning: In design 'add_13_0', the same net is connected to more than one pin on submodule 'GEN_CLA8[1].CLA8_1'. (LINT-33)
   Net '*Logic0*' is connected to pins 'A[7]', 'A[6]'', 'A[5]', 'B[7]', 'B[6]', 'B[5]'.
Warning: In design 'LOD_64', output port 'position[11]' is connected directly to 'logic 0'. (LINT-52)
Warning: In design 'LOD_64', output port 'position[10]' is connected directly to 'logic 0'. (LINT-52)
Warning: In design 'LOD_64', output port 'position[9]' is connected directly to 'logic 0'. (LINT-52)
Warning: In design 'LOD_64', output port 'position[8]' is connected directly to 'logic 0'. (LINT-52)
Warning: In design 'LOD_64', output port 'position[7]' is connected directly to 'logic 0'. (LINT-52)
1
