 
****************************************
Report : power
        -hier
        -analysis_effort low
Design : fmul_rounder
Version: U-2022.12
Date   : Sun Jul  6 20:32:19 2025
****************************************


Library(s) Used:

    slow (File: /home/raid7_2/user13/r3921070/rounder_v0/syn/CBDK_TSMC018_Arm_f1.0/CIC/SynopsysDC/db/slow.db)


Operating Conditions: slow   Library: slow
Wire Load Model Mode: top


Global Operating Voltage = 1.62 
Power-specific unit information :
    Voltage Units = 1V
    Capacitance Units = 1.000000pf
    Time Units = 1ns
    Dynamic Power Units = 1mW    (derived from V,C,T units)
    Leakage Power Units = 1pW


--------------------------------------------------------------------------------
                                       Switch   Int      Leak     Total
Hierarchy                              Power    Power    Power    Power    %
--------------------------------------------------------------------------------
fmul_rounder                              0.429    1.515 1.03e+06    1.945 100.0
1
