 
****************************************
Report : timing
        -path full
        -delay max
        -max_paths 5
Design : fmul_rounder
Version: U-2022.12
Date   : Sun Jul  6 20:32:19 2025
****************************************

Operating Conditions: slow   Library: slow
Wire Load Model Mode: top

  Startpoint: frac_i[50] (input port clocked by clk)
  Endpoint: pip1_frac_reg[52]
            (rising edge-triggered flip-flop clocked by clk)
  Path Group: clk
  Path Type: max

  Point                                    Incr       Path
  -----------------------------------------------------------
  clock clk (rise edge)                    0.00       0.00
  clock network delay (ideal)              0.50       0.50
  input external delay                     1.00       1.50 r
  frac_i[50] (in)                          0.00       1.50 r
  U2534/Y (NOR4XL)                         0.06       1.57 f
  U2290/Y (AND3XL)                         0.25       1.82 f
  U2301/Y (NAND2XL)                        0.09       1.90 r
  U2537/Y (NOR3XL)                         0.10       2.01 f
  U1706/Y (AOI21XL)                        0.17       2.18 r
  U1704/Y (OAI22XL)                        0.17       2.35 f
  U1703/Y (NOR2X1)                         0.21       2.56 r
  U1688/Y (NAND3BXL)                       0.17       2.73 f
  U2730/Y (NOR2X1)                         0.19       2.91 r
  U2126/Y (NAND3X1)                        0.12       3.04 f
  U1687/Y (NOR2X1)                         0.18       3.21 r
  U2086/Y (NAND3X1)                        0.12       3.34 f
  U1686/Y (NOR2X1)                         0.16       3.50 r
  U2740/Y (NAND3X1)                        0.12       3.62 f
  U1684/Y (NOR2X1)                         0.18       3.80 r
  U1682/Y (NAND3X1)                        0.12       3.92 f
  U2745/Y (NOR2X1)                         0.18       4.10 r
  U2748/Y (NAND3X1)                        0.12       4.22 f
  U2750/Y (NOR2X1)                         0.18       4.40 r
  U2753/Y (NAND3X1)                        0.12       4.52 f
  U1677/Y (NOR2X1)                         0.16       4.69 r
  U2314/Y (NAND3X1)                        0.12       4.81 f
  U1676/Y (NOR2X1)                         0.18       4.99 r
  U1600/Y (NAND3X1)                        0.15       5.13 f
  U2762/Y (NOR2X2)                         0.12       5.25 r
  U2765/Y (NAND3X1)                        0.11       5.37 f
  U2767/Y (NOR2X1)                         0.18       5.54 r
  U2770/Y (NAND3X1)                        0.15       5.69 f
  U2772/Y (NOR2X2)                         0.12       5.81 r
  U2315/Y (NAND3X1)                        0.14       5.95 f
  U2776/Y (NOR2X2)                         0.14       6.08 r
  U2316/Y (NAND3X1)                        0.14       6.22 f
  U2780/Y (NOR2X2)                         0.14       6.36 r
  U2782/Y (NAND3X2)                        0.10       6.46 f
  U2785/Y (NOR2X2)                         0.13       6.58 r
  U2787/Y (NAND3X1)                        0.11       6.70 f
  U1596/Y (NOR2X1)                         0.18       6.87 r
  U2790/Y (NAND3X1)                        0.15       7.02 f
  U2792/Y (NOR2X2)                         0.14       7.16 r
  U2317/Y (NAND3X1)                        0.14       7.30 f
  U2794/Y (NOR2X2)                         0.15       7.45 r
  U2796/Y (NAND3X2)                        0.10       7.55 f
  U2797/Y (NOR2X2)                         0.13       7.68 r
  U2799/Y (NAND3X1)                        0.11       7.79 f
  U1841/Y (NOR2X1)                         0.18       7.97 r
  U1809/Y (NAND3X1)                        0.12       8.09 f
  U2801/Y (NOR2X1)                         0.18       8.27 r
  U1759/Y (NAND3X1)                        0.12       8.39 f
  U2803/Y (NOR2X1)                         0.18       8.57 r
  U1731/Y (NAND3X1)                        0.12       8.69 f
  U2805/Y (NOR2X1)                         0.18       8.87 r
  U1726/Y (NAND3X1)                        0.12       8.99 f
  U2807/Y (NOR2X1)                         0.18       9.17 r
  U1722/Y (NAND3X1)                        0.12       9.29 f
  U2809/Y (NOR2X1)                         0.18       9.47 r
  U1717/Y (NAND3X1)                        0.12       9.59 f
  U2811/Y (NOR2X1)                         0.17       9.76 r
  U1714/Y (INVX1)                          0.09       9.85 f
  U1712/Y (NOR2X1)                         0.16      10.01 r
  U2814/Y (OAI31XL)                        0.12      10.12 f
  pip1_frac_reg[52]/D (DFFSX1)             0.00      10.12 f
  data arrival time                                  10.12

  clock clk (rise edge)                   10.00      10.00
  clock network delay (ideal)              0.50      10.50
  clock uncertainty                       -0.10      10.40
  pip1_frac_reg[52]/CK (DFFSX1)            0.00      10.40 r
  library setup time                      -0.27      10.13
  data required time                                 10.13
  -----------------------------------------------------------
  data required time                                 10.13
  data arrival time                                 -10.12
  -----------------------------------------------------------
  slack (MET)                                         0.00


  Startpoint: pip2_frac_reg[24]
              (rising edge-triggered flip-flop clocked by clk)
  Endpoint: pip3_frac_reg[47]
            (rising edge-triggered flip-flop clocked by clk)
  Path Group: clk
  Path Type: max

  Point                                    Incr       Path
  -----------------------------------------------------------
  clock clk (rise edge)                    0.00       0.00
  clock network delay (ideal)              0.50       0.50
  pip2_frac_reg[24]/CK (DFFSX1)            0.00       0.50 r
  pip2_frac_reg[24]/QN (DFFSX1)            0.56       1.06 f
  U1651/Y (NOR4X1)                         0.29       1.35 r
  U1588/Y (NAND4BXL)                       0.22       1.57 f
  U1587/Y (NOR3X2)                         0.52       2.09 r
  U1705/Y (AOI21X1)                        0.16       2.24 f
  U1593/Y (BUFX3)                          0.29       2.54 f
  U2299/Y (AOI21X1)                        0.19       2.73 r
  U2323/Y (NOR2XL)                         0.09       2.82 f
  U2324/Y (AOI211X1)                       0.26       3.07 r
  U2118/Y (NAND4XL)                        0.14       3.22 f
  U2091/Y (AOI21X1)                        0.21       3.42 r
  U2059/Y (NAND2X1)                        0.11       3.54 f
  U2046/Y (NOR4BX2)                        0.32       3.86 r
  U2302/Y (INVX1)                          0.15       4.01 f
  U1970/Y (AOI21XL)                        0.15       4.16 r
  U1681/Y (NAND2BXL)                       0.19       4.35 r
  U1680/Y (NAND3BXL)                       0.20       4.55 r
  U2333/Y (AOI211X1)                       0.16       4.71 f
  U1679/Y (INVX1)                          0.13       4.84 r
  U1678/Y (AOI21XL)                        0.08       4.92 f
  U2335/Y (AOI211X1)                       0.24       5.16 r
  U2336/Y (INVX1)                          0.09       5.25 f
  U1675/Y (NOR2X1)                         0.18       5.43 r
  intadd_0/U6/CO (ADDFX1)                  0.29       5.72 r
  intadd_0/U5/CO (ADDFHX1)                 0.25       5.96 r
  intadd_0/U4/CO (ADDFX1)                  0.27       6.23 r
  intadd_0/U3/CO (ADDFHX1)                 0.23       6.46 r
  intadd_0/U2/CO (ADDFHX1)                 0.26       6.73 r
  U1597/Y (NAND2X1)                        0.11       6.84 f
  U1672/Y (NOR2X2)                         0.17       7.01 r
  U1964/Y (NAND2BX2)                       0.08       7.09 f
  U2313/Y (NOR2X2)                         0.18       7.27 r
  U1963/Y (NAND2BX2)                       0.10       7.37 f
  U2679/Y (NOR2X4)                         0.21       7.59 r
  U1958/Y (INVX4)                          0.10       7.69 f
  U2680/Y (AOI22X1)                        0.64       8.33 r
  U2295/Y (OR2X2)                          0.33       8.66 r
  U2296/Y (CLKINVX3)                       0.23       8.89 f
  U2685/Y (NAND2X1)                        0.30       9.19 r
  U1666/Y (NOR2X1)                         0.15       9.35 f
  U2310/Y (INVX1)                          0.25       9.60 r
  U2991/Y (OAI22XL)                        0.15       9.75 f
  U1764/Y (AOI211XL)                       0.25      10.00 r
  U2992/Y (OAI21XL)                        0.12      10.11 f
  pip3_frac_reg[47]/D (DFFSX1)             0.00      10.11 f
  data arrival time                                  10.11

  clock clk (rise edge)                   10.00      10.00
  clock network delay (ideal)              0.50      10.50
  clock uncertainty                       -0.10      10.40
  pip3_frac_reg[47]/CK (DFFSX1)            0.00      10.40 r
  library setup time                      -0.28      10.12
  data required time                                 10.12
  -----------------------------------------------------------
  data required time                                 10.12
  data arrival time                                 -10.11
  -----------------------------------------------------------
  slack (MET)                                         0.01


  Startpoint: pip2_frac_reg[24]
              (rising edge-triggered flip-flop clocked by clk)
  Endpoint: pip3_frac_reg[46]
            (rising edge-triggered flip-flop clocked by clk)
  Path Group: clk
  Path Type: max

  Point                                    Incr       Path
  -----------------------------------------------------------
  clock clk (rise edge)                    0.00       0.00
  clock network delay (ideal)              0.50       0.50
  pip2_frac_reg[24]/CK (DFFSX1)            0.00       0.50 r
  pip2_frac_reg[24]/QN (DFFSX1)            0.56       1.06 f
  U1651/Y (NOR4X1)                         0.29       1.35 r
  U1588/Y (NAND4BXL)                       0.22       1.57 f
  U1587/Y (NOR3X2)                         0.52       2.09 r
  U1705/Y (AOI21X1)                        0.16       2.24 f
  U1593/Y (BUFX3)                          0.29       2.54 f
  U2299/Y (AOI21X1)                        0.19       2.73 r
  U2323/Y (NOR2XL)                         0.09       2.82 f
  U2324/Y (AOI211X1)                       0.26       3.07 r
  U2118/Y (NAND4XL)                        0.14       3.22 f
  U2091/Y (AOI21X1)                        0.21       3.42 r
  U2059/Y (NAND2X1)                        0.11       3.54 f
  U2046/Y (NOR4BX2)                        0.32       3.86 r
  U2302/Y (INVX1)                          0.15       4.01 f
  U1970/Y (AOI21XL)                        0.15       4.16 r
  U1681/Y (NAND2BXL)                       0.19       4.35 r
  U1680/Y (NAND3BXL)                       0.20       4.55 r
  U2333/Y (AOI211X1)                       0.16       4.71 f
  U1679/Y (INVX1)                          0.13       4.84 r
  U1678/Y (AOI21XL)                        0.08       4.92 f
  U2335/Y (AOI211X1)                       0.24       5.16 r
  U2336/Y (INVX1)                          0.09       5.25 f
  U1675/Y (NOR2X1)                         0.18       5.43 r
  intadd_0/U6/CO (ADDFX1)                  0.29       5.72 r
  intadd_0/U5/CO (ADDFHX1)                 0.25       5.96 r
  intadd_0/U4/CO (ADDFX1)                  0.27       6.23 r
  intadd_0/U3/CO (ADDFHX1)                 0.23       6.46 r
  intadd_0/U2/CO (ADDFHX1)                 0.26       6.73 r
  U1597/Y (NAND2X1)                        0.11       6.84 f
  U1672/Y (NOR2X2)                         0.17       7.01 r
  U1964/Y (NAND2BX2)                       0.08       7.09 f
  U2313/Y (NOR2X2)                         0.18       7.27 r
  U1963/Y (NAND2BX2)                       0.10       7.37 f
  U2679/Y (NOR2X4)                         0.21       7.59 r
  U1958/Y (INVX4)                          0.10       7.69 f
  U2680/Y (AOI22X1)                        0.64       8.33 r
  U2295/Y (OR2X2)                          0.33       8.66 r
  U2296/Y (CLKINVX3)                       0.23       8.89 f
  U2685/Y (NAND2X1)                        0.30       9.19 r
  U1666/Y (NOR2X1)                         0.15       9.35 f
  U2310/Y (INVX1)                          0.25       9.60 r
  U2993/Y (OAI22XL)                        0.15       9.75 f
  U1775/Y (AOI211XL)                       0.25      10.00 r
  U2994/Y (OAI21XL)                        0.11      10.11 f
  pip3_frac_reg[46]/D (DFFSX1)             0.00      10.11 f
  data arrival time                                  10.11

  clock clk (rise edge)                   10.00      10.00
  clock network delay (ideal)              0.50      10.50
  clock uncertainty                       -0.10      10.40
  pip3_frac_reg[46]/CK (DFFSX1)            0.00      10.40 r
  library setup time                      -0.28      10.12
  data required time                                 10.12
  -----------------------------------------------------------
  data required time                                 10.12
  data arrival time                                 -10.11
  -----------------------------------------------------------
  slack (MET)                                         0.01


  Startpoint: pip2_frac_reg[24]
              (rising edge-triggered flip-flop clocked by clk)
  Endpoint: pip3_frac_reg[45]
            (rising edge-triggered flip-flop clocked by clk)
  Path Group: clk
  Path Type: max

  Point                                    Incr       Path
  -----------------------------------------------------------
  clock clk (rise edge)                    0.00       0.00
  clock network delay (ideal)              0.50       0.50
  pip2_frac_reg[24]/CK (DFFSX1)            0.00       0.50 r
  pip2_frac_reg[24]/QN (DFFSX1)            0.56       1.06 f
  U1651/Y (NOR4X1)                         0.29       1.35 r
  U1588/Y (NAND4BXL)                       0.22       1.57 f
  U1587/Y (NOR3X2)                         0.52       2.09 r
  U1705/Y (AOI21X1)                        0.16       2.24 f
  U1593/Y (BUFX3)                          0.29       2.54 f
  U2299/Y (AOI21X1)                        0.19       2.73 r
  U2323/Y (NOR2XL)                         0.09       2.82 f
  U2324/Y (AOI211X1)                       0.26       3.07 r
  U2118/Y (NAND4XL)                        0.14       3.22 f
  U2091/Y (AOI21X1)                        0.21       3.42 r
  U2059/Y (NAND2X1)                        0.11       3.54 f
  U2046/Y (NOR4BX2)                        0.32       3.86 r
  U2302/Y (INVX1)                          0.15       4.01 f
  U1970/Y (AOI21XL)                        0.15       4.16 r
  U1681/Y (NAND2BXL)                       0.19       4.35 r
  U1680/Y (NAND3BXL)                       0.20       4.55 r
  U2333/Y (AOI211X1)                       0.16       4.71 f
  U1679/Y (INVX1)                          0.13       4.84 r
  U1678/Y (AOI21XL)                        0.08       4.92 f
  U2335/Y (AOI211X1)                       0.24       5.16 r
  U2336/Y (INVX1)                          0.09       5.25 f
  U1675/Y (NOR2X1)                         0.18       5.43 r
  intadd_0/U6/CO (ADDFX1)                  0.29       5.72 r
  intadd_0/U5/CO (ADDFHX1)                 0.25       5.96 r
  intadd_0/U4/CO (ADDFX1)                  0.27       6.23 r
  intadd_0/U3/CO (ADDFHX1)                 0.23       6.46 r
  intadd_0/U2/CO (ADDFHX1)                 0.26       6.73 r
  U1597/Y (NAND2X1)                        0.11       6.84 f
  U1672/Y (NOR2X2)                         0.17       7.01 r
  U1964/Y (NAND2BX2)                       0.08       7.09 f
  U2313/Y (NOR2X2)                         0.18       7.27 r
  U1963/Y (NAND2BX2)                       0.10       7.37 f
  U2679/Y (NOR2X4)                         0.21       7.59 r
  U1958/Y (INVX4)                          0.10       7.69 f
  U2680/Y (AOI22X1)                        0.64       8.33 r
  U2295/Y (OR2X2)                          0.33       8.66 r
  U2296/Y (CLKINVX3)                       0.23       8.89 f
  U2685/Y (NAND2X1)                        0.30       9.19 r
  U1666/Y (NOR2X1)                         0.15       9.35 f
  U2310/Y (INVX1)                          0.25       9.60 r
  U2995/Y (OAI22XL)                        0.15       9.75 f
  U1779/Y (AOI211XL)                       0.25      10.00 r
  U2996/Y (OAI21XL)                        0.11      10.11 f
  pip3_frac_reg[45]/D (DFFSX1)             0.00      10.11 f
  data arrival time                                  10.11

  clock clk (rise edge)                   10.00      10.00
  clock network delay (ideal)              0.50      10.50
  clock uncertainty                       -0.10      10.40
  pip3_frac_reg[45]/CK (DFFSX1)            0.00      10.40 r
  library setup time                      -0.28      10.12
  data required time                                 10.12
  -----------------------------------------------------------
  data required time                                 10.12
  data arrival time                                 -10.11
  -----------------------------------------------------------
  slack (MET)                                         0.01


  Startpoint: frac_i[50] (input port clocked by clk)
  Endpoint: pip1_frac_reg[53]
            (rising edge-triggered flip-flop clocked by clk)
  Path Group: clk
  Path Type: max

  Point                                    Incr       Path
  -----------------------------------------------------------
  clock clk (rise edge)                    0.00       0.00
  clock network delay (ideal)              0.50       0.50
  input external delay                     1.00       1.50 r
  frac_i[50] (in)                          0.00       1.50 r
  U2534/Y (NOR4XL)                         0.06       1.57 f
  U2290/Y (AND3XL)                         0.25       1.82 f
  U2301/Y (NAND2XL)                        0.09       1.90 r
  U2537/Y (NOR3XL)                         0.10       2.01 f
  U1706/Y (AOI21XL)                        0.17       2.18 r
  U1704/Y (OAI22XL)                        0.17       2.35 f
  U1703/Y (NOR2X1)                         0.21       2.56 r
  U1688/Y (NAND3BXL)                       0.17       2.73 f
  U2730/Y (NOR2X1)                         0.19       2.91 r
  U2126/Y (NAND3X1)                        0.12       3.04 f
  U1687/Y (NOR2X1)                         0.18       3.21 r
  U2086/Y (NAND3X1)                        0.12       3.34 f
  U1686/Y (NOR2X1)                         0.16       3.50 r
  U2740/Y (NAND3X1)                        0.12       3.62 f
  U1684/Y (NOR2X1)                         0.18       3.80 r
  U1682/Y (NAND3X1)                        0.12       3.92 f
  U2745/Y (NOR2X1)                         0.18       4.10 r
  U2748/Y (NAND3X1)                        0.12       4.22 f
  U2750/Y (NOR2X1)                         0.18       4.40 r
  U2753/Y (NAND3X1)                        0.12       4.52 f
  U1677/Y (NOR2X1)                         0.16       4.69 r
  U2314/Y (NAND3X1)                        0.12       4.81 f
  U1676/Y (NOR2X1)                         0.18       4.99 r
  U1600/Y (NAND3X1)                        0.15       5.13 f
  U2762/Y (NOR2X2)                         0.12       5.25 r
  U2765/Y (NAND3X1)                        0.11       5.37 f
  U2767/Y (NOR2X1)                         0.18       5.54 r
  U2770/Y (NAND3X1)                        0.15       5.69 f
  U2772/Y (NOR2X2)                         0.12       5.81 r
  U2315/Y (NAND3X1)                        0.14       5.95 f
  U2776/Y (NOR2X2)                         0.14       6.08 r
  U2316/Y (NAND3X1)                        0.14       6.22 f
  U2780/Y (NOR2X2)                         0.14       6.36 r
  U2782/Y (NAND3X2)                        0.10       6.46 f
  U2785/Y (NOR2X2)                         0.13       6.58 r
  U2787/Y (NAND3X1)                        0.11       6.70 f
  U1596/Y (NOR2X1)                         0.18       6.87 r
  U2790/Y (NAND3X1)                        0.15       7.02 f
  U2792/Y (NOR2X2)                         0.14       7.16 r
  U2317/Y (NAND3X1)                        0.14       7.30 f
  U2794/Y (NOR2X2)                         0.15       7.45 r
  U2796/Y (NAND3X2)                        0.10       7.55 f
  U2797/Y (NOR2X2)                         0.13       7.68 r
  U2799/Y (NAND3X1)                        0.11       7.79 f
  U1841/Y (NOR2X1)                         0.18       7.97 r
  U1809/Y (NAND3X1)                        0.12       8.09 f
  U2801/Y (NOR2X1)                         0.18       8.27 r
  U1759/Y (NAND3X1)                        0.12       8.39 f
  U2803/Y (NOR2X1)                         0.18       8.57 r
  U1731/Y (NAND3X1)                        0.12       8.69 f
  U2805/Y (NOR2X1)                         0.18       8.87 r
  U1726/Y (NAND3X1)                        0.12       8.99 f
  U2807/Y (NOR2X1)                         0.18       9.17 r
  U1722/Y (NAND3X1)                        0.12       9.29 f
  U2809/Y (NOR2X1)                         0.18       9.47 r
  U1717/Y (NAND3X1)                        0.12       9.59 f
  U2811/Y (NOR2X1)                         0.17       9.76 r
  U1714/Y (INVX1)                          0.09       9.85 f
  U1712/Y (NOR2X1)                         0.16      10.01 r
  U2813/Y (NAND2XL)                        0.09      10.10 f
  pip1_frac_reg[53]/D (DFFSX1)             0.00      10.10 f
  data arrival time                                  10.10

  clock clk (rise edge)                   10.00      10.00
  clock network delay (ideal)              0.50      10.50
  clock uncertainty                       -0.10      10.40
  pip1_frac_reg[53]/CK (DFFSX1)            0.00      10.40 r
  library setup time                      -0.27      10.13
  data required time                                 10.13
  -----------------------------------------------------------
  data required time                                 10.13
  data arrival time                                 -10.10
  -----------------------------------------------------------
  slack (MET)                                         0.03


1
