 
****************************************
check_design summary:
Version:     U-2022.12
Date:        Mon Jun 30 21:39:03 2025
****************************************

                   Name                                            Total
--------------------------------------------------------------------------------
Inputs/Outputs                                                      5
    Shorted outputs (LINT-31)                                       2
    Constant outputs (LINT-52)                                      3

Cells                                                             496
    Cells do not drive (LINT-1)                                     9
    Connected to power or ground (LINT-32)                        470
    Nets connected to multiple pins on same cell (LINT-33)         17

Nets                                                               60
    Unloaded nets (LINT-2)                                         60
--------------------------------------------------------------------------------

Warning: In design 'fp_add', cell 'B_36' does not drive any nets. (LINT-1)
Warning: In design 'fp_add', cell 'B_37' does not drive any nets. (LINT-1)
Warning: In design 'fp_add', cell 'B_38' does not drive any nets. (LINT-1)
Warning: In design 'fp_add', cell 'B_39' does not drive any nets. (LINT-1)
Warning: In design 'fp_add', cell 'C3022' does not drive any nets. (LINT-1)
Warning: In design 'fp_add', cell 'C3023' does not drive any nets. (LINT-1)
Warning: In design 'fp_add', cell 'B_41' does not drive any nets. (LINT-1)
Warning: In design 'fp_add', cell 'B_42' does not drive any nets. (LINT-1)
Warning: In design 'fp_add', cell 'C3114' does not drive any nets. (LINT-1)
Warning: In design 'fp_add', net 'add107_01/result_predict_one[13][3]' driven by pin 'add107_01/GEN_CLA8[13].CLA8_1/result[3]' has no loads. (LINT-2)
Warning: In design 'fp_add', net 'add107_01/result_predict_one[13][4]' driven by pin 'add107_01/GEN_CLA8[13].CLA8_1/result[4]' has no loads. (LINT-2)
Warning: In design 'fp_add', net 'add107_01/result_predict_one[13][5]' driven by pin 'add107_01/GEN_CLA8[13].CLA8_1/result[5]' has no loads. (LINT-2)
Warning: In design 'fp_add', net 'add107_01/result_predict_one[13][6]' driven by pin 'add107_01/GEN_CLA8[13].CLA8_1/result[6]' has no loads. (LINT-2)
Warning: In design 'fp_add', net 'add107_01/result_predict_one[13][7]' driven by pin 'add107_01/GEN_CLA8[13].CLA8_1/result[7]' has no loads. (LINT-2)
Warning: In design 'fp_add', net 'add107_01/result_predict_one[13][8]' driven by pin 'add107_01/GEN_CLA8[13].CLA8_1/result[8]' has no loads. (LINT-2)
Warning: In design 'fp_add', net 'add107_01/result_predict_zero[13][3]' driven by pin 'add107_01/GEN_CLA8[13].CLA8_0/result[3]' has no loads. (LINT-2)
Warning: In design 'fp_add', net 'add107_01/result_predict_zero[13][4]' driven by pin 'add107_01/GEN_CLA8[13].CLA8_0/result[4]' has no loads. (LINT-2)
Warning: In design 'fp_add', net 'add107_01/result_predict_zero[13][5]' driven by pin 'add107_01/GEN_CLA8[13].CLA8_0/result[5]' has no loads. (LINT-2)
Warning: In design 'fp_add', net 'add107_01/result_predict_zero[13][6]' driven by pin 'add107_01/GEN_CLA8[13].CLA8_0/result[6]' has no loads. (LINT-2)
Warning: In design 'fp_add', net 'add107_01/result_predict_zero[13][7]' driven by pin 'add107_01/GEN_CLA8[13].CLA8_0/result[7]' has no loads. (LINT-2)
Warning: In design 'fp_add', net 'add107_01/result_predict_zero[13][8]' driven by pin 'add107_01/GEN_CLA8[13].CLA8_0/result[8]' has no loads. (LINT-2)
Warning: In design 'fp_add', net 'sub_107_00/result_predict_one[13][3]' driven by pin 'sub_107_00/GEN_CLA8[13].CLA8_1/result[3]' has no loads. (LINT-2)
Warning: In design 'fp_add', net 'sub_107_00/result_predict_one[13][4]' driven by pin 'sub_107_00/GEN_CLA8[13].CLA8_1/result[4]' has no loads. (LINT-2)
Warning: In design 'fp_add', net 'sub_107_00/result_predict_one[13][5]' driven by pin 'sub_107_00/GEN_CLA8[13].CLA8_1/result[5]' has no loads. (LINT-2)
Warning: In design 'fp_add', net 'sub_107_00/result_predict_one[13][6]' driven by pin 'sub_107_00/GEN_CLA8[13].CLA8_1/result[6]' has no loads. (LINT-2)
Warning: In design 'fp_add', net 'sub_107_00/result_predict_one[13][7]' driven by pin 'sub_107_00/GEN_CLA8[13].CLA8_1/result[7]' has no loads. (LINT-2)
Warning: In design 'fp_add', net 'sub_107_00/result_predict_one[13][8]' driven by pin 'sub_107_00/GEN_CLA8[13].CLA8_1/result[8]' has no loads. (LINT-2)
Warning: In design 'fp_add', net 'sub_107_00/result_predict_zero[13][3]' driven by pin 'sub_107_00/GEN_CLA8[13].CLA8_0/result[3]' has no loads. (LINT-2)
Warning: In design 'fp_add', net 'sub_107_00/result_predict_zero[13][4]' driven by pin 'sub_107_00/GEN_CLA8[13].CLA8_0/result[4]' has no loads. (LINT-2)
Warning: In design 'fp_add', net 'sub_107_00/result_predict_zero[13][5]' driven by pin 'sub_107_00/GEN_CLA8[13].CLA8_0/result[5]' has no loads. (LINT-2)
Warning: In design 'fp_add', net 'sub_107_00/result_predict_zero[13][6]' driven by pin 'sub_107_00/GEN_CLA8[13].CLA8_0/result[6]' has no loads. (LINT-2)
Warning: In design 'fp_add', net 'sub_107_00/result_predict_zero[13][7]' driven by pin 'sub_107_00/GEN_CLA8[13].CLA8_0/result[7]' has no loads. (LINT-2)
Warning: In design 'fp_add', net 'sub_107_00/result_predict_zero[13][8]' driven by pin 'sub_107_00/GEN_CLA8[13].CLA8_0/result[8]' has no loads. (LINT-2)
Warning: In design 'fp_add', net 'sub_107_01/adder/result_predict_one[13][3]' driven by pin 'sub_107_01/adder/GEN_CLA8[13].CLA8_1/result[3]' has no loads. (LINT-2)
Warning: In design 'fp_add', net 'sub_107_01/adder/result_predict_one[13][4]' driven by pin 'sub_107_01/adder/GEN_CLA8[13].CLA8_1/result[4]' has no loads. (LINT-2)
Warning: In design 'fp_add', net 'sub_107_01/adder/result_predict_one[13][5]' driven by pin 'sub_107_01/adder/GEN_CLA8[13].CLA8_1/result[5]' has no loads. (LINT-2)
Warning: In design 'fp_add', net 'sub_107_01/adder/result_predict_one[13][6]' driven by pin 'sub_107_01/adder/GEN_CLA8[13].CLA8_1/result[6]' has no loads. (LINT-2)
Warning: In design 'fp_add', net 'sub_107_01/adder/result_predict_one[13][7]' driven by pin 'sub_107_01/adder/GEN_CLA8[13].CLA8_1/result[7]' has no loads. (LINT-2)
Warning: In design 'fp_add', net 'sub_107_01/adder/result_predict_one[13][8]' driven by pin 'sub_107_01/adder/GEN_CLA8[13].CLA8_1/result[8]' has no loads. (LINT-2)
Warning: In design 'fp_add', net 'sub_107_01/adder/result_predict_zero[13][3]' driven by pin 'sub_107_01/adder/GEN_CLA8[13].CLA8_0/result[3]' has no loads. (LINT-2)
Warning: In design 'fp_add', net 'sub_107_01/adder/result_predict_zero[13][4]' driven by pin 'sub_107_01/adder/GEN_CLA8[13].CLA8_0/result[4]' has no loads. (LINT-2)
Warning: In design 'fp_add', net 'sub_107_01/adder/result_predict_zero[13][5]' driven by pin 'sub_107_01/adder/GEN_CLA8[13].CLA8_0/result[5]' has no loads. (LINT-2)
Warning: In design 'fp_add', net 'sub_107_01/adder/result_predict_zero[13][6]' driven by pin 'sub_107_01/adder/GEN_CLA8[13].CLA8_0/result[6]' has no loads. (LINT-2)
Warning: In design 'fp_add', net 'sub_107_01/adder/result_predict_zero[13][7]' driven by pin 'sub_107_01/adder/GEN_CLA8[13].CLA8_0/result[7]' has no loads. (LINT-2)
Warning: In design 'fp_add', net 'sub_107_01/adder/result_predict_zero[13][8]' driven by pin 'sub_107_01/adder/GEN_CLA8[13].CLA8_0/result[8]' has no loads. (LINT-2)
Warning: In design 'fp_add', net 'sub_107_00/adder/result_predict_one[13][3]' driven by pin 'sub_107_00/adder/GEN_CLA8[13].CLA8_1/result[3]' has no loads. (LINT-2)
Warning: In design 'fp_add', net 'sub_107_00/adder/result_predict_one[13][4]' driven by pin 'sub_107_00/adder/GEN_CLA8[13].CLA8_1/result[4]' has no loads. (LINT-2)
Warning: In design 'fp_add', net 'sub_107_00/adder/result_predict_one[13][5]' driven by pin 'sub_107_00/adder/GEN_CLA8[13].CLA8_1/result[5]' has no loads. (LINT-2)
Warning: In design 'fp_add', net 'sub_107_00/adder/result_predict_one[13][6]' driven by pin 'sub_107_00/adder/GEN_CLA8[13].CLA8_1/result[6]' has no loads. (LINT-2)
Warning: In design 'fp_add', net 'sub_107_00/adder/result_predict_one[13][7]' driven by pin 'sub_107_00/adder/GEN_CLA8[13].CLA8_1/result[7]' has no loads. (LINT-2)
Warning: In design 'fp_add', net 'sub_107_00/adder/result_predict_one[13][8]' driven by pin 'sub_107_00/adder/GEN_CLA8[13].CLA8_1/result[8]' has no loads. (LINT-2)
Warning: In design 'fp_add', net 'sub_107_00/adder/result_predict_zero[13][3]' driven by pin 'sub_107_00/adder/GEN_CLA8[13].CLA8_0/result[3]' has no loads. (LINT-2)
Warning: In design 'fp_add', net 'sub_107_00/adder/result_predict_zero[13][4]' driven by pin 'sub_107_00/adder/GEN_CLA8[13].CLA8_0/result[4]' has no loads. (LINT-2)
Warning: In design 'fp_add', net 'sub_107_00/adder/result_predict_zero[13][5]' driven by pin 'sub_107_00/adder/GEN_CLA8[13].CLA8_0/result[5]' has no loads. (LINT-2)
Warning: In design 'fp_add', net 'sub_107_00/adder/result_predict_zero[13][6]' driven by pin 'sub_107_00/adder/GEN_CLA8[13].CLA8_0/result[6]' has no loads. (LINT-2)
Warning: In design 'fp_add', net 'sub_107_00/adder/result_predict_zero[13][7]' driven by pin 'sub_107_00/adder/GEN_CLA8[13].CLA8_0/result[7]' has no loads. (LINT-2)
Warning: In design 'fp_add', net 'sub_107_00/adder/result_predict_zero[13][8]' driven by pin 'sub_107_00/adder/GEN_CLA8[13].CLA8_0/result[8]' has no loads. (LINT-2)
Warning: In design 'fp_add', net 'sub_107_01/result_predict_one[13][3]' driven by pin 'sub_107_01/GEN_CLA8[13].CLA8_1/result[3]' has no loads. (LINT-2)
Warning: In design 'fp_add', net 'sub_107_01/result_predict_one[13][4]' driven by pin 'sub_107_01/GEN_CLA8[13].CLA8_1/result[4]' has no loads. (LINT-2)
Warning: In design 'fp_add', net 'sub_107_01/result_predict_one[13][5]' driven by pin 'sub_107_01/GEN_CLA8[13].CLA8_1/result[5]' has no loads. (LINT-2)
Warning: In design 'fp_add', net 'sub_107_01/result_predict_one[13][6]' driven by pin 'sub_107_01/GEN_CLA8[13].CLA8_1/result[6]' has no loads. (LINT-2)
Warning: In design 'fp_add', net 'sub_107_01/result_predict_one[13][7]' driven by pin 'sub_107_01/GEN_CLA8[13].CLA8_1/result[7]' has no loads. (LINT-2)
Warning: In design 'fp_add', net 'sub_107_01/result_predict_one[13][8]' driven by pin 'sub_107_01/GEN_CLA8[13].CLA8_1/result[8]' has no loads. (LINT-2)
Warning: In design 'fp_add', net 'sub_107_01/result_predict_zero[13][3]' driven by pin 'sub_107_01/GEN_CLA8[13].CLA8_0/result[3]' has no loads. (LINT-2)
Warning: In design 'fp_add', net 'sub_107_01/result_predict_zero[13][4]' driven by pin 'sub_107_01/GEN_CLA8[13].CLA8_0/result[4]' has no loads. (LINT-2)
Warning: In design 'fp_add', net 'sub_107_01/result_predict_zero[13][5]' driven by pin 'sub_107_01/GEN_CLA8[13].CLA8_0/result[5]' has no loads. (LINT-2)
Warning: In design 'fp_add', net 'sub_107_01/result_predict_zero[13][6]' driven by pin 'sub_107_01/GEN_CLA8[13].CLA8_0/result[6]' has no loads. (LINT-2)
Warning: In design 'fp_add', net 'sub_107_01/result_predict_zero[13][7]' driven by pin 'sub_107_01/GEN_CLA8[13].CLA8_0/result[7]' has no loads. (LINT-2)
Warning: In design 'fp_add', net 'sub_107_01/result_predict_zero[13][8]' driven by pin 'sub_107_01/GEN_CLA8[13].CLA8_0/result[8]' has no loads. (LINT-2)
Warning: In design 'LOD_128_080_11', output port 'position[10]' is connected directly to output port 'position[8]'. (LINT-31)
Warning: In design 'LOD_128_080_11', output port 'position[10]' is connected directly to output port 'position[9]'. (LINT-31)
Warning: In design 'fp_add', a pin on submodule 'compute_zero_num' is connected to logic 1 or logic 0. (LINT-32)
   Pin 'A[20]' is connected to logic 0. 
Warning: In design 'fp_add', a pin on submodule 'compute_zero_num' is connected to logic 1 or logic 0. (LINT-32)
   Pin 'A[19]' is connected to logic 0. 
Warning: In design 'fp_add', a pin on submodule 'compute_zero_num' is connected to logic 1 or logic 0. (LINT-32)
   Pin 'A[18]' is connected to logic 0. 
Warning: In design 'fp_add', a pin on submodule 'compute_zero_num' is connected to logic 1 or logic 0. (LINT-32)
   Pin 'A[17]' is connected to logic 0. 
Warning: In design 'fp_add', a pin on submodule 'compute_zero_num' is connected to logic 1 or logic 0. (LINT-32)
   Pin 'A[16]' is connected to logic 0. 
Warning: In design 'fp_add', a pin on submodule 'compute_zero_num' is connected to logic 1 or logic 0. (LINT-32)
   Pin 'A[15]' is connected to logic 0. 
Warning: In design 'fp_add', a pin on submodule 'compute_zero_num' is connected to logic 1 or logic 0. (LINT-32)
   Pin 'A[14]' is connected to logic 0. 
Warning: In design 'fp_add', a pin on submodule 'compute_zero_num' is connected to logic 1 or logic 0. (LINT-32)
   Pin 'A[13]' is connected to logic 0. 
Warning: In design 'fp_add', a pin on submodule 'compute_zero_num' is connected to logic 1 or logic 0. (LINT-32)
   Pin 'A[12]' is connected to logic 0. 
Warning: In design 'fp_add', a pin on submodule 'compute_zero_num' is connected to logic 1 or logic 0. (LINT-32)
   Pin 'A[11]' is connected to logic 0. 
Warning: In design 'fp_add', a pin on submodule 'compute_zero_num' is connected to logic 1 or logic 0. (LINT-32)
   Pin 'A[10]' is connected to logic 0. 
Warning: In design 'fp_add', a pin on submodule 'compute_zero_num' is connected to logic 1 or logic 0. (LINT-32)
   Pin 'A[9]' is connected to logic 0. 
Warning: In design 'fp_add', a pin on submodule 'compute_zero_num' is connected to logic 1 or logic 0. (LINT-32)
   Pin 'A[8]' is connected to logic 0. 
Warning: In design 'fp_add', a pin on submodule 'compute_zero_num' is connected to logic 1 or logic 0. (LINT-32)
   Pin 'A[7]' is connected to logic 0. 
Warning: In design 'fp_add', a pin on submodule 'compute_zero_num' is connected to logic 1 or logic 0. (LINT-32)
   Pin 'A[6]' is connected to logic 0. 
Warning: In design 'fp_add', a pin on submodule 'compute_zero_num' is connected to logic 1 or logic 0. (LINT-32)
   Pin 'A[5]' is connected to logic 0. 
Warning: In design 'fp_add', a pin on submodule 'compute_zero_num' is connected to logic 1 or logic 0. (LINT-32)
   Pin 'A[4]' is connected to logic 0. 
Warning: In design 'fp_add', a pin on submodule 'compute_zero_num' is connected to logic 1 or logic 0. (LINT-32)
   Pin 'A[3]' is connected to logic 0. 
Warning: In design 'fp_add', a pin on submodule 'compute_zero_num' is connected to logic 1 or logic 0. (LINT-32)
   Pin 'A[2]' is connected to logic 0. 
Warning: In design 'fp_add', a pin on submodule 'compute_zero_num' is connected to logic 1 or logic 0. (LINT-32)
   Pin 'A[1]' is connected to logic 0. 
Warning: In design 'fp_add', a pin on submodule 'compute_zero_num' is connected to logic 1 or logic 0. (LINT-32)
   Pin 'A[0]' is connected to logic 0. 
Warning: In design 'add_107_2', a pin on submodule 'CLA8_zero' is connected to logic 1 or logic 0. (LINT-32)
   Pin 'Cin' is connected to logic 0. 
Warning: In design 'add_107_2', a pin on submodule 'GEN_CLA8[1].CLA8_0' is connected to logic 1 or logic 0. (LINT-32)
   Pin 'Cin' is connected to logic 0. 
Warning: In design 'add_107_2', a pin on submodule 'GEN_CLA8[1].CLA8_1' is connected to logic 1 or logic 0. (LINT-32)
   Pin 'Cin' is connected to logic 1. 
Warning: In design 'add_107_2', a pin on submodule 'GEN_CLA8[2].CLA8_0' is connected to logic 1 or logic 0. (LINT-32)
   Pin 'Cin' is connected to logic 0. 
Warning: In design 'add_107_2', a pin on submodule 'GEN_CLA8[2].CLA8_1' is connected to logic 1 or logic 0. (LINT-32)
   Pin 'Cin' is connected to logic 1. 
Warning: In design 'add_107_2', a pin on submodule 'GEN_CLA8[3].CLA8_0' is connected to logic 1 or logic 0. (LINT-32)
   Pin 'Cin' is connected to logic 0. 
Warning: In design 'add_107_2', a pin on submodule 'GEN_CLA8[3].CLA8_1' is connected to logic 1 or logic 0. (LINT-32)
   Pin 'Cin' is connected to logic 1. 
Warning: In design 'add_107_2', a pin on submodule 'GEN_CLA8[4].CLA8_0' is connected to logic 1 or logic 0. (LINT-32)
   Pin 'Cin' is connected to logic 0. 
Warning: In design 'add_107_2', a pin on submodule 'GEN_CLA8[4].CLA8_1' is connected to logic 1 or logic 0. (LINT-32)
   Pin 'Cin' is connected to logic 1. 
Warning: In design 'add_107_2', a pin on submodule 'GEN_CLA8[5].CLA8_0' is connected to logic 1 or logic 0. (LINT-32)
   Pin 'Cin' is connected to logic 0. 
Warning: In design 'add_107_2', a pin on submodule 'GEN_CLA8[5].CLA8_1' is connected to logic 1 or logic 0. (LINT-32)
   Pin 'Cin' is connected to logic 1. 
Warning: In design 'add_107_2', a pin on submodule 'GEN_CLA8[6].CLA8_0' is connected to logic 1 or logic 0. (LINT-32)
   Pin 'Cin' is connected to logic 0. 
Warning: In design 'add_107_2', a pin on submodule 'GEN_CLA8[6].CLA8_1' is connected to logic 1 or logic 0. (LINT-32)
   Pin 'Cin' is connected to logic 1. 
Warning: In design 'add_107_2', a pin on submodule 'GEN_CLA8[7].CLA8_0' is connected to logic 1 or logic 0. (LINT-32)
   Pin 'Cin' is connected to logic 0. 
Warning: In design 'add_107_2', a pin on submodule 'GEN_CLA8[7].CLA8_1' is connected to logic 1 or logic 0. (LINT-32)
   Pin 'Cin' is connected to logic 1. 
Warning: In design 'add_107_2', a pin on submodule 'GEN_CLA8[8].CLA8_0' is connected to logic 1 or logic 0. (LINT-32)
   Pin 'Cin' is connected to logic 0. 
Warning: In design 'add_107_2', a pin on submodule 'GEN_CLA8[8].CLA8_1' is connected to logic 1 or logic 0. (LINT-32)
   Pin 'Cin' is connected to logic 1. 
Warning: In design 'add_107_2', a pin on submodule 'GEN_CLA8[9].CLA8_0' is connected to logic 1 or logic 0. (LINT-32)
   Pin 'Cin' is connected to logic 0. 
Warning: In design 'add_107_2', a pin on submodule 'GEN_CLA8[9].CLA8_1' is connected to logic 1 or logic 0. (LINT-32)
   Pin 'Cin' is connected to logic 1. 
Warning: In design 'add_107_2', a pin on submodule 'GEN_CLA8[10].CLA8_0' is connected to logic 1 or logic 0. (LINT-32)
   Pin 'Cin' is connected to logic 0. 
Warning: In design 'add_107_2', a pin on submodule 'GEN_CLA8[10].CLA8_1' is connected to logic 1 or logic 0. (LINT-32)
   Pin 'Cin' is connected to logic 1. 
Warning: In design 'add_107_2', a pin on submodule 'GEN_CLA8[11].CLA8_0' is connected to logic 1 or logic 0. (LINT-32)
   Pin 'Cin' is connected to logic 0. 
Warning: In design 'add_107_2', a pin on submodule 'GEN_CLA8[11].CLA8_1' is connected to logic 1 or logic 0. (LINT-32)
   Pin 'Cin' is connected to logic 1. 
Warning: In design 'add_107_2', a pin on submodule 'GEN_CLA8[12].CLA8_0' is connected to logic 1 or logic 0. (LINT-32)
   Pin 'Cin' is connected to logic 0. 
Warning: In design 'add_107_2', a pin on submodule 'GEN_CLA8[12].CLA8_1' is connected to logic 1 or logic 0. (LINT-32)
   Pin 'Cin' is connected to logic 1. 
Warning: In design 'add_107_2', a pin on submodule 'GEN_CLA8[13].CLA8_0' is connected to logic 1 or logic 0. (LINT-32)
   Pin 'Cin' is connected to logic 0. 
Warning: In design 'add_107_2', a pin on submodule 'GEN_CLA8[13].CLA8_0' is connected to logic 1 or logic 0. (LINT-32)
   Pin 'A[7]' is connected to logic 0. 
Warning: In design 'add_107_2', a pin on submodule 'GEN_CLA8[13].CLA8_0' is connected to logic 1 or logic 0. (LINT-32)
   Pin 'A[6]' is connected to logic 0. 
Warning: In design 'add_107_2', a pin on submodule 'GEN_CLA8[13].CLA8_0' is connected to logic 1 or logic 0. (LINT-32)
   Pin 'A[5]' is connected to logic 0. 
Warning: In design 'add_107_2', a pin on submodule 'GEN_CLA8[13].CLA8_0' is connected to logic 1 or logic 0. (LINT-32)
   Pin 'A[4]' is connected to logic 0. 
Warning: In design 'add_107_2', a pin on submodule 'GEN_CLA8[13].CLA8_0' is connected to logic 1 or logic 0. (LINT-32)
   Pin 'A[3]' is connected to logic 0. 
Warning: In design 'add_107_2', a pin on submodule 'GEN_CLA8[13].CLA8_0' is connected to logic 1 or logic 0. (LINT-32)
   Pin 'B[7]' is connected to logic 0. 
Warning: In design 'add_107_2', a pin on submodule 'GEN_CLA8[13].CLA8_0' is connected to logic 1 or logic 0. (LINT-32)
   Pin 'B[6]' is connected to logic 0. 
Warning: In design 'add_107_2', a pin on submodule 'GEN_CLA8[13].CLA8_0' is connected to logic 1 or logic 0. (LINT-32)
   Pin 'B[5]' is connected to logic 0. 
Warning: In design 'add_107_2', a pin on submodule 'GEN_CLA8[13].CLA8_0' is connected to logic 1 or logic 0. (LINT-32)
   Pin 'B[4]' is connected to logic 0. 
Warning: In design 'add_107_2', a pin on submodule 'GEN_CLA8[13].CLA8_0' is connected to logic 1 or logic 0. (LINT-32)
   Pin 'B[3]' is connected to logic 0. 
Warning: In design 'add_107_2', a pin on submodule 'GEN_CLA8[13].CLA8_1' is connected to logic 1 or logic 0. (LINT-32)
   Pin 'Cin' is connected to logic 1. 
Warning: In design 'add_107_2', a pin on submodule 'GEN_CLA8[13].CLA8_1' is connected to logic 1 or logic 0. (LINT-32)
   Pin 'A[7]' is connected to logic 0. 
Warning: In design 'add_107_2', a pin on submodule 'GEN_CLA8[13].CLA8_1' is connected to logic 1 or logic 0. (LINT-32)
   Pin 'A[6]' is connected to logic 0. 
Warning: In design 'add_107_2', a pin on submodule 'GEN_CLA8[13].CLA8_1' is connected to logic 1 or logic 0. (LINT-32)
   Pin 'A[5]' is connected to logic 0. 
Warning: In design 'add_107_2', a pin on submodule 'GEN_CLA8[13].CLA8_1' is connected to logic 1 or logic 0. (LINT-32)
   Pin 'A[4]' is connected to logic 0. 
Warning: In design 'add_107_2', a pin on submodule 'GEN_CLA8[13].CLA8_1' is connected to logic 1 or logic 0. (LINT-32)
   Pin 'A[3]' is connected to logic 0. 
Warning: In design 'add_107_2', a pin on submodule 'GEN_CLA8[13].CLA8_1' is connected to logic 1 or logic 0. (LINT-32)
   Pin 'B[7]' is connected to logic 0. 
Warning: In design 'add_107_2', a pin on submodule 'GEN_CLA8[13].CLA8_1' is connected to logic 1 or logic 0. (LINT-32)
   Pin 'B[6]' is connected to logic 0. 
Warning: In design 'add_107_2', a pin on submodule 'GEN_CLA8[13].CLA8_1' is connected to logic 1 or logic 0. (LINT-32)
   Pin 'B[5]' is connected to logic 0. 
Warning: In design 'add_107_2', a pin on submodule 'GEN_CLA8[13].CLA8_1' is connected to logic 1 or logic 0. (LINT-32)
   Pin 'B[4]' is connected to logic 0. 
Warning: In design 'add_107_2', a pin on submodule 'GEN_CLA8[13].CLA8_1' is connected to logic 1 or logic 0. (LINT-32)
   Pin 'B[3]' is connected to logic 0. 
Warning: In design 'sub_107_1', a pin on submodule 'adder' is connected to logic 1 or logic 0. (LINT-32)
   Pin 'in_B[106]' is connected to logic 0. 
Warning: In design 'sub_107_1', a pin on submodule 'adder' is connected to logic 1 or logic 0. (LINT-32)
   Pin 'in_B[105]' is connected to logic 0. 
Warning: In design 'sub_107_1', a pin on submodule 'adder' is connected to logic 1 or logic 0. (LINT-32)
   Pin 'in_B[104]' is connected to logic 0. 
Warning: In design 'sub_107_1', a pin on submodule 'adder' is connected to logic 1 or logic 0. (LINT-32)
   Pin 'in_B[103]' is connected to logic 0. 
Warning: In design 'sub_107_1', a pin on submodule 'adder' is connected to logic 1 or logic 0. (LINT-32)
   Pin 'in_B[102]' is connected to logic 0. 
Warning: In design 'sub_107_1', a pin on submodule 'adder' is connected to logic 1 or logic 0. (LINT-32)
   Pin 'in_B[101]' is connected to logic 0. 
Warning: In design 'sub_107_1', a pin on submodule 'adder' is connected to logic 1 or logic 0. (LINT-32)
   Pin 'in_B[100]' is connected to logic 0. 
Warning: In design 'sub_107_1', a pin on submodule 'adder' is connected to logic 1 or logic 0. (LINT-32)
   Pin 'in_B[99]' is connected to logic 0. 
Warning: In design 'sub_107_1', a pin on submodule 'adder' is connected to logic 1 or logic 0. (LINT-32)
   Pin 'in_B[98]' is connected to logic 0. 
Warning: In design 'sub_107_1', a pin on submodule 'adder' is connected to logic 1 or logic 0. (LINT-32)
   Pin 'in_B[97]' is connected to logic 0. 
Warning: In design 'sub_107_1', a pin on submodule 'adder' is connected to logic 1 or logic 0. (LINT-32)
   Pin 'in_B[96]' is connected to logic 0. 
Warning: In design 'sub_107_1', a pin on submodule 'adder' is connected to logic 1 or logic 0. (LINT-32)
   Pin 'in_B[95]' is connected to logic 0. 
Warning: In design 'sub_107_1', a pin on submodule 'adder' is connected to logic 1 or logic 0. (LINT-32)
   Pin 'in_B[94]' is connected to logic 0. 
Warning: In design 'sub_107_1', a pin on submodule 'adder' is connected to logic 1 or logic 0. (LINT-32)
   Pin 'in_B[93]' is connected to logic 0. 
Warning: In design 'sub_107_1', a pin on submodule 'adder' is connected to logic 1 or logic 0. (LINT-32)
   Pin 'in_B[92]' is connected to logic 0. 
Warning: In design 'sub_107_1', a pin on submodule 'adder' is connected to logic 1 or logic 0. (LINT-32)
   Pin 'in_B[91]' is connected to logic 0. 
Warning: In design 'sub_107_1', a pin on submodule 'adder' is connected to logic 1 or logic 0. (LINT-32)
   Pin 'in_B[90]' is connected to logic 0. 
Warning: In design 'sub_107_1', a pin on submodule 'adder' is connected to logic 1 or logic 0. (LINT-32)
   Pin 'in_B[89]' is connected to logic 0. 
Warning: In design 'sub_107_1', a pin on submodule 'adder' is connected to logic 1 or logic 0. (LINT-32)
   Pin 'in_B[88]' is connected to logic 0. 
Warning: In design 'sub_107_1', a pin on submodule 'adder' is connected to logic 1 or logic 0. (LINT-32)
   Pin 'in_B[87]' is connected to logic 0. 
Warning: In design 'sub_107_1', a pin on submodule 'adder' is connected to logic 1 or logic 0. (LINT-32)
   Pin 'in_B[86]' is connected to logic 0. 
Warning: In design 'sub_107_1', a pin on submodule 'adder' is connected to logic 1 or logic 0. (LINT-32)
   Pin 'in_B[85]' is connected to logic 0. 
Warning: In design 'sub_107_1', a pin on submodule 'adder' is connected to logic 1 or logic 0. (LINT-32)
   Pin 'in_B[84]' is connected to logic 0. 
Warning: In design 'sub_107_1', a pin on submodule 'adder' is connected to logic 1 or logic 0. (LINT-32)
   Pin 'in_B[83]' is connected to logic 0. 
Warning: In design 'sub_107_1', a pin on submodule 'adder' is connected to logic 1 or logic 0. (LINT-32)
   Pin 'in_B[82]' is connected to logic 0. 
Warning: In design 'sub_107_1', a pin on submodule 'adder' is connected to logic 1 or logic 0. (LINT-32)
   Pin 'in_B[81]' is connected to logic 0. 
Warning: In design 'sub_107_1', a pin on submodule 'adder' is connected to logic 1 or logic 0. (LINT-32)
   Pin 'in_B[80]' is connected to logic 0. 
Warning: In design 'sub_107_1', a pin on submodule 'adder' is connected to logic 1 or logic 0. (LINT-32)
   Pin 'in_B[79]' is connected to logic 0. 
Warning: In design 'sub_107_1', a pin on submodule 'adder' is connected to logic 1 or logic 0. (LINT-32)
   Pin 'in_B[78]' is connected to logic 0. 
Warning: In design 'sub_107_1', a pin on submodule 'adder' is connected to logic 1 or logic 0. (LINT-32)
   Pin 'in_B[77]' is connected to logic 0. 
Warning: In design 'sub_107_1', a pin on submodule 'adder' is connected to logic 1 or logic 0. (LINT-32)
   Pin 'in_B[76]' is connected to logic 0. 
Warning: In design 'sub_107_1', a pin on submodule 'adder' is connected to logic 1 or logic 0. (LINT-32)
   Pin 'in_B[75]' is connected to logic 0. 
Warning: In design 'sub_107_1', a pin on submodule 'adder' is connected to logic 1 or logic 0. (LINT-32)
   Pin 'in_B[74]' is connected to logic 0. 
Warning: In design 'sub_107_1', a pin on submodule 'adder' is connected to logic 1 or logic 0. (LINT-32)
   Pin 'in_B[73]' is connected to logic 0. 
Warning: In design 'sub_107_1', a pin on submodule 'adder' is connected to logic 1 or logic 0. (LINT-32)
   Pin 'in_B[72]' is connected to logic 0. 
Warning: In design 'sub_107_1', a pin on submodule 'adder' is connected to logic 1 or logic 0. (LINT-32)
   Pin 'in_B[71]' is connected to logic 0. 
Warning: In design 'sub_107_1', a pin on submodule 'adder' is connected to logic 1 or logic 0. (LINT-32)
   Pin 'in_B[70]' is connected to logic 0. 
Warning: In design 'sub_107_1', a pin on submodule 'adder' is connected to logic 1 or logic 0. (LINT-32)
   Pin 'in_B[69]' is connected to logic 0. 
Warning: In design 'sub_107_1', a pin on submodule 'adder' is connected to logic 1 or logic 0. (LINT-32)
   Pin 'in_B[68]' is connected to logic 0. 
Warning: In design 'sub_107_1', a pin on submodule 'adder' is connected to logic 1 or logic 0. (LINT-32)
   Pin 'in_B[67]' is connected to logic 0. 
Warning: In design 'sub_107_1', a pin on submodule 'adder' is connected to logic 1 or logic 0. (LINT-32)
   Pin 'in_B[66]' is connected to logic 0. 
Warning: In design 'sub_107_1', a pin on submodule 'adder' is connected to logic 1 or logic 0. (LINT-32)
   Pin 'in_B[65]' is connected to logic 0. 
Warning: In design 'sub_107_1', a pin on submodule 'adder' is connected to logic 1 or logic 0. (LINT-32)
   Pin 'in_B[64]' is connected to logic 0. 
Warning: In design 'sub_107_1', a pin on submodule 'adder' is connected to logic 1 or logic 0. (LINT-32)
   Pin 'in_B[63]' is connected to logic 0. 
Warning: In design 'sub_107_1', a pin on submodule 'adder' is connected to logic 1 or logic 0. (LINT-32)
   Pin 'in_B[62]' is connected to logic 0. 
Warning: In design 'sub_107_1', a pin on submodule 'adder' is connected to logic 1 or logic 0. (LINT-32)
   Pin 'in_B[61]' is connected to logic 0. 
Warning: In design 'sub_107_1', a pin on submodule 'adder' is connected to logic 1 or logic 0. (LINT-32)
   Pin 'in_B[60]' is connected to logic 0. 
Warning: In design 'sub_107_1', a pin on submodule 'adder' is connected to logic 1 or logic 0. (LINT-32)
   Pin 'in_B[59]' is connected to logic 0. 
Warning: In design 'sub_107_1', a pin on submodule 'adder' is connected to logic 1 or logic 0. (LINT-32)
   Pin 'in_B[58]' is connected to logic 0. 
Warning: In design 'sub_107_1', a pin on submodule 'adder' is connected to logic 1 or logic 0. (LINT-32)
   Pin 'in_B[57]' is connected to logic 0. 
Warning: In design 'sub_107_1', a pin on submodule 'adder' is connected to logic 1 or logic 0. (LINT-32)
   Pin 'in_B[56]' is connected to logic 0. 
Warning: In design 'sub_107_1', a pin on submodule 'adder' is connected to logic 1 or logic 0. (LINT-32)
   Pin 'in_B[55]' is connected to logic 0. 
Warning: In design 'sub_107_1', a pin on submodule 'adder' is connected to logic 1 or logic 0. (LINT-32)
   Pin 'in_B[54]' is connected to logic 0. 
Warning: In design 'sub_107_1', a pin on submodule 'adder' is connected to logic 1 or logic 0. (LINT-32)
   Pin 'in_B[53]' is connected to logic 0. 
Warning: In design 'sub_107_1', a pin on submodule 'adder' is connected to logic 1 or logic 0. (LINT-32)
   Pin 'in_B[52]' is connected to logic 0. 
Warning: In design 'sub_107_1', a pin on submodule 'adder' is connected to logic 1 or logic 0. (LINT-32)
   Pin 'in_B[51]' is connected to logic 0. 
Warning: In design 'sub_107_1', a pin on submodule 'adder' is connected to logic 1 or logic 0. (LINT-32)
   Pin 'in_B[50]' is connected to logic 0. 
Warning: In design 'sub_107_1', a pin on submodule 'adder' is connected to logic 1 or logic 0. (LINT-32)
   Pin 'in_B[49]' is connected to logic 0. 
Warning: In design 'sub_107_1', a pin on submodule 'adder' is connected to logic 1 or logic 0. (LINT-32)
   Pin 'in_B[48]' is connected to logic 0. 
Warning: In design 'sub_107_1', a pin on submodule 'adder' is connected to logic 1 or logic 0. (LINT-32)
   Pin 'in_B[47]' is connected to logic 0. 
Warning: In design 'sub_107_1', a pin on submodule 'adder' is connected to logic 1 or logic 0. (LINT-32)
   Pin 'in_B[46]' is connected to logic 0. 
Warning: In design 'sub_107_1', a pin on submodule 'adder' is connected to logic 1 or logic 0. (LINT-32)
   Pin 'in_B[45]' is connected to logic 0. 
Warning: In design 'sub_107_1', a pin on submodule 'adder' is connected to logic 1 or logic 0. (LINT-32)
   Pin 'in_B[44]' is connected to logic 0. 
Warning: In design 'sub_107_1', a pin on submodule 'adder' is connected to logic 1 or logic 0. (LINT-32)
   Pin 'in_B[43]' is connected to logic 0. 
Warning: In design 'sub_107_1', a pin on submodule 'adder' is connected to logic 1 or logic 0. (LINT-32)
   Pin 'in_B[42]' is connected to logic 0. 
Warning: In design 'sub_107_1', a pin on submodule 'adder' is connected to logic 1 or logic 0. (LINT-32)
   Pin 'in_B[41]' is connected to logic 0. 
Warning: In design 'sub_107_1', a pin on submodule 'adder' is connected to logic 1 or logic 0. (LINT-32)
   Pin 'in_B[40]' is connected to logic 0. 
Warning: In design 'sub_107_1', a pin on submodule 'adder' is connected to logic 1 or logic 0. (LINT-32)
   Pin 'in_B[39]' is connected to logic 0. 
Warning: In design 'sub_107_1', a pin on submodule 'adder' is connected to logic 1 or logic 0. (LINT-32)
   Pin 'in_B[38]' is connected to logic 0. 
Warning: In design 'sub_107_1', a pin on submodule 'adder' is connected to logic 1 or logic 0. (LINT-32)
   Pin 'in_B[37]' is connected to logic 0. 
Warning: In design 'sub_107_1', a pin on submodule 'adder' is connected to logic 1 or logic 0. (LINT-32)
   Pin 'in_B[36]' is connected to logic 0. 
Warning: In design 'sub_107_1', a pin on submodule 'adder' is connected to logic 1 or logic 0. (LINT-32)
   Pin 'in_B[35]' is connected to logic 0. 
Warning: In design 'sub_107_1', a pin on submodule 'adder' is connected to logic 1 or logic 0. (LINT-32)
   Pin 'in_B[34]' is connected to logic 0. 
Warning: In design 'sub_107_1', a pin on submodule 'adder' is connected to logic 1 or logic 0. (LINT-32)
   Pin 'in_B[33]' is connected to logic 0. 
Warning: In design 'sub_107_1', a pin on submodule 'adder' is connected to logic 1 or logic 0. (LINT-32)
   Pin 'in_B[32]' is connected to logic 0. 
Warning: In design 'sub_107_1', a pin on submodule 'adder' is connected to logic 1 or logic 0. (LINT-32)
   Pin 'in_B[31]' is connected to logic 0. 
Warning: In design 'sub_107_1', a pin on submodule 'adder' is connected to logic 1 or logic 0. (LINT-32)
   Pin 'in_B[30]' is connected to logic 0. 
Warning: In design 'sub_107_1', a pin on submodule 'adder' is connected to logic 1 or logic 0. (LINT-32)
   Pin 'in_B[29]' is connected to logic 0. 
Warning: In design 'sub_107_1', a pin on submodule 'adder' is connected to logic 1 or logic 0. (LINT-32)
   Pin 'in_B[28]' is connected to logic 0. 
Warning: In design 'sub_107_1', a pin on submodule 'adder' is connected to logic 1 or logic 0. (LINT-32)
   Pin 'in_B[27]' is connected to logic 0. 
Warning: In design 'sub_107_1', a pin on submodule 'adder' is connected to logic 1 or logic 0. (LINT-32)
   Pin 'in_B[26]' is connected to logic 0. 
Warning: In design 'sub_107_1', a pin on submodule 'adder' is connected to logic 1 or logic 0. (LINT-32)
   Pin 'in_B[25]' is connected to logic 0. 
Warning: In design 'sub_107_1', a pin on submodule 'adder' is connected to logic 1 or logic 0. (LINT-32)
   Pin 'in_B[24]' is connected to logic 0. 
Warning: In design 'sub_107_1', a pin on submodule 'adder' is connected to logic 1 or logic 0. (LINT-32)
   Pin 'in_B[23]' is connected to logic 0. 
Warning: In design 'sub_107_1', a pin on submodule 'adder' is connected to logic 1 or logic 0. (LINT-32)
   Pin 'in_B[22]' is connected to logic 0. 
Warning: In design 'sub_107_1', a pin on submodule 'adder' is connected to logic 1 or logic 0. (LINT-32)
   Pin 'in_B[21]' is connected to logic 0. 
Warning: In design 'sub_107_1', a pin on submodule 'adder' is connected to logic 1 or logic 0. (LINT-32)
   Pin 'in_B[20]' is connected to logic 0. 
Warning: In design 'sub_107_1', a pin on submodule 'adder' is connected to logic 1 or logic 0. (LINT-32)
   Pin 'in_B[19]' is connected to logic 0. 
Warning: In design 'sub_107_1', a pin on submodule 'adder' is connected to logic 1 or logic 0. (LINT-32)
   Pin 'in_B[18]' is connected to logic 0. 
Warning: In design 'sub_107_1', a pin on submodule 'adder' is connected to logic 1 or logic 0. (LINT-32)
   Pin 'in_B[17]' is connected to logic 0. 
Warning: In design 'sub_107_1', a pin on submodule 'adder' is connected to logic 1 or logic 0. (LINT-32)
   Pin 'in_B[16]' is connected to logic 0. 
Warning: In design 'sub_107_1', a pin on submodule 'adder' is connected to logic 1 or logic 0. (LINT-32)
   Pin 'in_B[15]' is connected to logic 0. 
Warning: In design 'sub_107_1', a pin on submodule 'adder' is connected to logic 1 or logic 0. (LINT-32)
   Pin 'in_B[14]' is connected to logic 0. 
Warning: In design 'sub_107_1', a pin on submodule 'adder' is connected to logic 1 or logic 0. (LINT-32)
   Pin 'in_B[13]' is connected to logic 0. 
Warning: In design 'sub_107_1', a pin on submodule 'adder' is connected to logic 1 or logic 0. (LINT-32)
   Pin 'in_B[12]' is connected to logic 0. 
Warning: In design 'sub_107_1', a pin on submodule 'adder' is connected to logic 1 or logic 0. (LINT-32)
   Pin 'in_B[11]' is connected to logic 0. 
Warning: In design 'sub_107_1', a pin on submodule 'adder' is connected to logic 1 or logic 0. (LINT-32)
   Pin 'in_B[10]' is connected to logic 0. 
Warning: In design 'sub_107_1', a pin on submodule 'adder' is connected to logic 1 or logic 0. (LINT-32)
   Pin 'in_B[9]' is connected to logic 0. 
Warning: In design 'sub_107_1', a pin on submodule 'adder' is connected to logic 1 or logic 0. (LINT-32)
   Pin 'in_B[8]' is connected to logic 0. 
Warning: In design 'sub_107_1', a pin on submodule 'adder' is connected to logic 1 or logic 0. (LINT-32)
   Pin 'in_B[7]' is connected to logic 0. 
Warning: In design 'sub_107_1', a pin on submodule 'adder' is connected to logic 1 or logic 0. (LINT-32)
   Pin 'in_B[6]' is connected to logic 0. 
Warning: In design 'sub_107_1', a pin on submodule 'adder' is connected to logic 1 or logic 0. (LINT-32)
   Pin 'in_B[5]' is connected to logic 0. 
Warning: In design 'sub_107_1', a pin on submodule 'adder' is connected to logic 1 or logic 0. (LINT-32)
   Pin 'in_B[4]' is connected to logic 0. 
Warning: In design 'sub_107_1', a pin on submodule 'adder' is connected to logic 1 or logic 0. (LINT-32)
   Pin 'in_B[3]' is connected to logic 0. 
Warning: In design 'sub_107_1', a pin on submodule 'adder' is connected to logic 1 or logic 0. (LINT-32)
   Pin 'in_B[2]' is connected to logic 0. 
Warning: In design 'sub_107_1', a pin on submodule 'adder' is connected to logic 1 or logic 0. (LINT-32)
   Pin 'in_B[1]' is connected to logic 0. 
Warning: In design 'sub_107_1', a pin on submodule 'adder' is connected to logic 1 or logic 0. (LINT-32)
   Pin 'in_B[0]' is connected to logic 1. 
Warning: In design 'sub_107_1', a pin on submodule 'CLA8_zero' is connected to logic 1 or logic 0. (LINT-32)
   Pin 'Cin' is connected to logic 0. 
Warning: In design 'sub_107_1', a pin on submodule 'GEN_CLA8[1].CLA8_0' is connected to logic 1 or logic 0. (LINT-32)
   Pin 'Cin' is connected to logic 0. 
Warning: In design 'sub_107_1', a pin on submodule 'GEN_CLA8[1].CLA8_1' is connected to logic 1 or logic 0. (LINT-32)
   Pin 'Cin' is connected to logic 1. 
Warning: In design 'sub_107_1', a pin on submodule 'GEN_CLA8[2].CLA8_0' is connected to logic 1 or logic 0. (LINT-32)
   Pin 'Cin' is connected to logic 0. 
Warning: In design 'sub_107_1', a pin on submodule 'GEN_CLA8[2].CLA8_1' is connected to logic 1 or logic 0. (LINT-32)
   Pin 'Cin' is connected to logic 1. 
Warning: In design 'sub_107_1', a pin on submodule 'GEN_CLA8[3].CLA8_0' is connected to logic 1 or logic 0. (LINT-32)
   Pin 'Cin' is connected to logic 0. 
Warning: In design 'sub_107_1', a pin on submodule 'GEN_CLA8[3].CLA8_1' is connected to logic 1 or logic 0. (LINT-32)
   Pin 'Cin' is connected to logic 1. 
Warning: In design 'sub_107_1', a pin on submodule 'GEN_CLA8[4].CLA8_0' is connected to logic 1 or logic 0. (LINT-32)
   Pin 'Cin' is connected to logic 0. 
Warning: In design 'sub_107_1', a pin on submodule 'GEN_CLA8[4].CLA8_1' is connected to logic 1 or logic 0. (LINT-32)
   Pin 'Cin' is connected to logic 1. 
Warning: In design 'sub_107_1', a pin on submodule 'GEN_CLA8[5].CLA8_0' is connected to logic 1 or logic 0. (LINT-32)
   Pin 'Cin' is connected to logic 0. 
Warning: In design 'sub_107_1', a pin on submodule 'GEN_CLA8[5].CLA8_1' is connected to logic 1 or logic 0. (LINT-32)
   Pin 'Cin' is connected to logic 1. 
Warning: In design 'sub_107_1', a pin on submodule 'GEN_CLA8[6].CLA8_0' is connected to logic 1 or logic 0. (LINT-32)
   Pin 'Cin' is connected to logic 0. 
Warning: In design 'sub_107_1', a pin on submodule 'GEN_CLA8[6].CLA8_1' is connected to logic 1 or logic 0. (LINT-32)
   Pin 'Cin' is connected to logic 1. 
Warning: In design 'sub_107_1', a pin on submodule 'GEN_CLA8[7].CLA8_0' is connected to logic 1 or logic 0. (LINT-32)
   Pin 'Cin' is connected to logic 0. 
Warning: In design 'sub_107_1', a pin on submodule 'GEN_CLA8[7].CLA8_1' is connected to logic 1 or logic 0. (LINT-32)
   Pin 'Cin' is connected to logic 1. 
Warning: In design 'sub_107_1', a pin on submodule 'GEN_CLA8[8].CLA8_0' is connected to logic 1 or logic 0. (LINT-32)
   Pin 'Cin' is connected to logic 0. 
Warning: In design 'sub_107_1', a pin on submodule 'GEN_CLA8[8].CLA8_1' is connected to logic 1 or logic 0. (LINT-32)
   Pin 'Cin' is connected to logic 1. 
Warning: In design 'sub_107_1', a pin on submodule 'GEN_CLA8[9].CLA8_0' is connected to logic 1 or logic 0. (LINT-32)
   Pin 'Cin' is connected to logic 0. 
Warning: In design 'sub_107_1', a pin on submodule 'GEN_CLA8[9].CLA8_1' is connected to logic 1 or logic 0. (LINT-32)
   Pin 'Cin' is connected to logic 1. 
Warning: In design 'sub_107_1', a pin on submodule 'GEN_CLA8[10].CLA8_0' is connected to logic 1 or logic 0. (LINT-32)
   Pin 'Cin' is connected to logic 0. 
Warning: In design 'sub_107_1', a pin on submodule 'GEN_CLA8[10].CLA8_1' is connected to logic 1 or logic 0. (LINT-32)
   Pin 'Cin' is connected to logic 1. 
Warning: In design 'sub_107_1', a pin on submodule 'GEN_CLA8[11].CLA8_0' is connected to logic 1 or logic 0. (LINT-32)
   Pin 'Cin' is connected to logic 0. 
Warning: In design 'sub_107_1', a pin on submodule 'GEN_CLA8[11].CLA8_1' is connected to logic 1 or logic 0. (LINT-32)
   Pin 'Cin' is connected to logic 1. 
Warning: In design 'sub_107_1', a pin on submodule 'GEN_CLA8[12].CLA8_0' is connected to logic 1 or logic 0. (LINT-32)
   Pin 'Cin' is connected to logic 0. 
Warning: In design 'sub_107_1', a pin on submodule 'GEN_CLA8[12].CLA8_1' is connected to logic 1 or logic 0. (LINT-32)
   Pin 'Cin' is connected to logic 1. 
Warning: In design 'sub_107_1', a pin on submodule 'GEN_CLA8[13].CLA8_0' is connected to logic 1 or logic 0. (LINT-32)
   Pin 'Cin' is connected to logic 0. 
Warning: In design 'sub_107_1', a pin on submodule 'GEN_CLA8[13].CLA8_0' is connected to logic 1 or logic 0. (LINT-32)
   Pin 'A[7]' is connected to logic 0. 
Warning: In design 'sub_107_1', a pin on submodule 'GEN_CLA8[13].CLA8_0' is connected to logic 1 or logic 0. (LINT-32)
   Pin 'A[6]' is connected to logic 0. 
Warning: In design 'sub_107_1', a pin on submodule 'GEN_CLA8[13].CLA8_0' is connected to logic 1 or logic 0. (LINT-32)
   Pin 'A[5]' is connected to logic 0. 
Warning: In design 'sub_107_1', a pin on submodule 'GEN_CLA8[13].CLA8_0' is connected to logic 1 or logic 0. (LINT-32)
   Pin 'A[4]' is connected to logic 0. 
Warning: In design 'sub_107_1', a pin on submodule 'GEN_CLA8[13].CLA8_0' is connected to logic 1 or logic 0. (LINT-32)
   Pin 'A[3]' is connected to logic 0. 
Warning: In design 'sub_107_1', a pin on submodule 'GEN_CLA8[13].CLA8_0' is connected to logic 1 or logic 0. (LINT-32)
   Pin 'B[7]' is connected to logic 1. 
Warning: In design 'sub_107_1', a pin on submodule 'GEN_CLA8[13].CLA8_0' is connected to logic 1 or logic 0. (LINT-32)
   Pin 'B[6]' is connected to logic 1. 
Warning: In design 'sub_107_1', a pin on submodule 'GEN_CLA8[13].CLA8_0' is connected to logic 1 or logic 0. (LINT-32)
   Pin 'B[5]' is connected to logic 1. 
Warning: In design 'sub_107_1', a pin on submodule 'GEN_CLA8[13].CLA8_0' is connected to logic 1 or logic 0. (LINT-32)
   Pin 'B[4]' is connected to logic 1. 
Warning: In design 'sub_107_1', a pin on submodule 'GEN_CLA8[13].CLA8_0' is connected to logic 1 or logic 0. (LINT-32)
   Pin 'B[3]' is connected to logic 1. 
Warning: In design 'sub_107_1', a pin on submodule 'GEN_CLA8[13].CLA8_1' is connected to logic 1 or logic 0. (LINT-32)
   Pin 'Cin' is connected to logic 1. 
Warning: In design 'sub_107_1', a pin on submodule 'GEN_CLA8[13].CLA8_1' is connected to logic 1 or logic 0. (LINT-32)
   Pin 'A[7]' is connected to logic 0. 
Warning: In design 'sub_107_1', a pin on submodule 'GEN_CLA8[13].CLA8_1' is connected to logic 1 or logic 0. (LINT-32)
   Pin 'A[6]' is connected to logic 0. 
Warning: In design 'sub_107_1', a pin on submodule 'GEN_CLA8[13].CLA8_1' is connected to logic 1 or logic 0. (LINT-32)
   Pin 'A[5]' is connected to logic 0. 
Warning: In design 'sub_107_1', a pin on submodule 'GEN_CLA8[13].CLA8_1' is connected to logic 1 or logic 0. (LINT-32)
   Pin 'A[4]' is connected to logic 0. 
Warning: In design 'sub_107_1', a pin on submodule 'GEN_CLA8[13].CLA8_1' is connected to logic 1 or logic 0. (LINT-32)
   Pin 'A[3]' is connected to logic 0. 
Warning: In design 'sub_107_1', a pin on submodule 'GEN_CLA8[13].CLA8_1' is connected to logic 1 or logic 0. (LINT-32)
   Pin 'B[7]' is connected to logic 1. 
Warning: In design 'sub_107_1', a pin on submodule 'GEN_CLA8[13].CLA8_1' is connected to logic 1 or logic 0. (LINT-32)
   Pin 'B[6]' is connected to logic 1. 
Warning: In design 'sub_107_1', a pin on submodule 'GEN_CLA8[13].CLA8_1' is connected to logic 1 or logic 0. (LINT-32)
   Pin 'B[5]' is connected to logic 1. 
Warning: In design 'sub_107_1', a pin on submodule 'GEN_CLA8[13].CLA8_1' is connected to logic 1 or logic 0. (LINT-32)
   Pin 'B[4]' is connected to logic 1. 
Warning: In design 'sub_107_1', a pin on submodule 'GEN_CLA8[13].CLA8_1' is connected to logic 1 or logic 0. (LINT-32)
   Pin 'B[3]' is connected to logic 1. 
Warning: In design 'add_107_0', a pin on submodule 'CLA8_zero' is connected to logic 1 or logic 0. (LINT-32)
   Pin 'Cin' is connected to logic 0. 
Warning: In design 'add_107_0', a pin on submodule 'GEN_CLA8[1].CLA8_0' is connected to logic 1 or logic 0. (LINT-32)
   Pin 'Cin' is connected to logic 0. 
Warning: In design 'add_107_0', a pin on submodule 'GEN_CLA8[1].CLA8_1' is connected to logic 1 or logic 0. (LINT-32)
   Pin 'Cin' is connected to logic 1. 
Warning: In design 'add_107_0', a pin on submodule 'GEN_CLA8[2].CLA8_0' is connected to logic 1 or logic 0. (LINT-32)
   Pin 'Cin' is connected to logic 0. 
Warning: In design 'add_107_0', a pin on submodule 'GEN_CLA8[2].CLA8_1' is connected to logic 1 or logic 0. (LINT-32)
   Pin 'Cin' is connected to logic 1. 
Warning: In design 'add_107_0', a pin on submodule 'GEN_CLA8[3].CLA8_0' is connected to logic 1 or logic 0. (LINT-32)
   Pin 'Cin' is connected to logic 0. 
Warning: In design 'add_107_0', a pin on submodule 'GEN_CLA8[3].CLA8_1' is connected to logic 1 or logic 0. (LINT-32)
   Pin 'Cin' is connected to logic 1. 
Warning: In design 'add_107_0', a pin on submodule 'GEN_CLA8[4].CLA8_0' is connected to logic 1 or logic 0. (LINT-32)
   Pin 'Cin' is connected to logic 0. 
Warning: In design 'add_107_0', a pin on submodule 'GEN_CLA8[4].CLA8_1' is connected to logic 1 or logic 0. (LINT-32)
   Pin 'Cin' is connected to logic 1. 
Warning: In design 'add_107_0', a pin on submodule 'GEN_CLA8[5].CLA8_0' is connected to logic 1 or logic 0. (LINT-32)
   Pin 'Cin' is connected to logic 0. 
Warning: In design 'add_107_0', a pin on submodule 'GEN_CLA8[5].CLA8_1' is connected to logic 1 or logic 0. (LINT-32)
   Pin 'Cin' is connected to logic 1. 
Warning: In design 'add_107_0', a pin on submodule 'GEN_CLA8[6].CLA8_0' is connected to logic 1 or logic 0. (LINT-32)
   Pin 'Cin' is connected to logic 0. 
Warning: In design 'add_107_0', a pin on submodule 'GEN_CLA8[6].CLA8_1' is connected to logic 1 or logic 0. (LINT-32)
   Pin 'Cin' is connected to logic 1. 
Warning: In design 'add_107_0', a pin on submodule 'GEN_CLA8[7].CLA8_0' is connected to logic 1 or logic 0. (LINT-32)
   Pin 'Cin' is connected to logic 0. 
Warning: In design 'add_107_0', a pin on submodule 'GEN_CLA8[7].CLA8_1' is connected to logic 1 or logic 0. (LINT-32)
   Pin 'Cin' is connected to logic 1. 
Warning: In design 'add_107_0', a pin on submodule 'GEN_CLA8[8].CLA8_0' is connected to logic 1 or logic 0. (LINT-32)
   Pin 'Cin' is connected to logic 0. 
Warning: In design 'add_107_0', a pin on submodule 'GEN_CLA8[8].CLA8_1' is connected to logic 1 or logic 0. (LINT-32)
   Pin 'Cin' is connected to logic 1. 
Warning: In design 'add_107_0', a pin on submodule 'GEN_CLA8[9].CLA8_0' is connected to logic 1 or logic 0. (LINT-32)
   Pin 'Cin' is connected to logic 0. 
Warning: In design 'add_107_0', a pin on submodule 'GEN_CLA8[9].CLA8_1' is connected to logic 1 or logic 0. (LINT-32)
   Pin 'Cin' is connected to logic 1. 
Warning: In design 'add_107_0', a pin on submodule 'GEN_CLA8[10].CLA8_0' is connected to logic 1 or logic 0. (LINT-32)
   Pin 'Cin' is connected to logic 0. 
Warning: In design 'add_107_0', a pin on submodule 'GEN_CLA8[10].CLA8_1' is connected to logic 1 or logic 0. (LINT-32)
   Pin 'Cin' is connected to logic 1. 
Warning: In design 'add_107_0', a pin on submodule 'GEN_CLA8[11].CLA8_0' is connected to logic 1 or logic 0. (LINT-32)
   Pin 'Cin' is connected to logic 0. 
Warning: In design 'add_107_0', a pin on submodule 'GEN_CLA8[11].CLA8_1' is connected to logic 1 or logic 0. (LINT-32)
   Pin 'Cin' is connected to logic 1. 
Warning: In design 'add_107_0', a pin on submodule 'GEN_CLA8[12].CLA8_0' is connected to logic 1 or logic 0. (LINT-32)
   Pin 'Cin' is connected to logic 0. 
Warning: In design 'add_107_0', a pin on submodule 'GEN_CLA8[12].CLA8_1' is connected to logic 1 or logic 0. (LINT-32)
   Pin 'Cin' is connected to logic 1. 
Warning: In design 'add_107_0', a pin on submodule 'GEN_CLA8[13].CLA8_0' is connected to logic 1 or logic 0. (LINT-32)
   Pin 'Cin' is connected to logic 0. 
Warning: In design 'add_107_0', a pin on submodule 'GEN_CLA8[13].CLA8_0' is connected to logic 1 or logic 0. (LINT-32)
   Pin 'A[7]' is connected to logic 0. 
Warning: In design 'add_107_0', a pin on submodule 'GEN_CLA8[13].CLA8_0' is connected to logic 1 or logic 0. (LINT-32)
   Pin 'A[6]' is connected to logic 0. 
Warning: In design 'add_107_0', a pin on submodule 'GEN_CLA8[13].CLA8_0' is connected to logic 1 or logic 0. (LINT-32)
   Pin 'A[5]' is connected to logic 0. 
Warning: In design 'add_107_0', a pin on submodule 'GEN_CLA8[13].CLA8_0' is connected to logic 1 or logic 0. (LINT-32)
   Pin 'A[4]' is connected to logic 0. 
Warning: In design 'add_107_0', a pin on submodule 'GEN_CLA8[13].CLA8_0' is connected to logic 1 or logic 0. (LINT-32)
   Pin 'A[3]' is connected to logic 0. 
Warning: In design 'add_107_0', a pin on submodule 'GEN_CLA8[13].CLA8_0' is connected to logic 1 or logic 0. (LINT-32)
   Pin 'B[7]' is connected to logic 0. 
Warning: In design 'add_107_0', a pin on submodule 'GEN_CLA8[13].CLA8_0' is connected to logic 1 or logic 0. (LINT-32)
   Pin 'B[6]' is connected to logic 0. 
Warning: In design 'add_107_0', a pin on submodule 'GEN_CLA8[13].CLA8_0' is connected to logic 1 or logic 0. (LINT-32)
   Pin 'B[5]' is connected to logic 0. 
Warning: In design 'add_107_0', a pin on submodule 'GEN_CLA8[13].CLA8_0' is connected to logic 1 or logic 0. (LINT-32)
   Pin 'B[4]' is connected to logic 0. 
Warning: In design 'add_107_0', a pin on submodule 'GEN_CLA8[13].CLA8_0' is connected to logic 1 or logic 0. (LINT-32)
   Pin 'B[3]' is connected to logic 0. 
Warning: In design 'add_107_0', a pin on submodule 'GEN_CLA8[13].CLA8_1' is connected to logic 1 or logic 0. (LINT-32)
   Pin 'Cin' is connected to logic 1. 
Warning: In design 'add_107_0', a pin on submodule 'GEN_CLA8[13].CLA8_1' is connected to logic 1 or logic 0. (LINT-32)
   Pin 'A[7]' is connected to logic 0. 
Warning: In design 'add_107_0', a pin on submodule 'GEN_CLA8[13].CLA8_1' is connected to logic 1 or logic 0. (LINT-32)
   Pin 'A[6]' is connected to logic 0. 
Warning: In design 'add_107_0', a pin on submodule 'GEN_CLA8[13].CLA8_1' is connected to logic 1 or logic 0. (LINT-32)
   Pin 'A[5]' is connected to logic 0. 
Warning: In design 'add_107_0', a pin on submodule 'GEN_CLA8[13].CLA8_1' is connected to logic 1 or logic 0. (LINT-32)
   Pin 'A[4]' is connected to logic 0. 
Warning: In design 'add_107_0', a pin on submodule 'GEN_CLA8[13].CLA8_1' is connected to logic 1 or logic 0. (LINT-32)
   Pin 'A[3]' is connected to logic 0. 
Warning: In design 'add_107_0', a pin on submodule 'GEN_CLA8[13].CLA8_1' is connected to logic 1 or logic 0. (LINT-32)
   Pin 'B[7]' is connected to logic 0. 
Warning: In design 'add_107_0', a pin on submodule 'GEN_CLA8[13].CLA8_1' is connected to logic 1 or logic 0. (LINT-32)
   Pin 'B[6]' is connected to logic 0. 
Warning: In design 'add_107_0', a pin on submodule 'GEN_CLA8[13].CLA8_1' is connected to logic 1 or logic 0. (LINT-32)
   Pin 'B[5]' is connected to logic 0. 
Warning: In design 'add_107_0', a pin on submodule 'GEN_CLA8[13].CLA8_1' is connected to logic 1 or logic 0. (LINT-32)
   Pin 'B[4]' is connected to logic 0. 
Warning: In design 'add_107_0', a pin on submodule 'GEN_CLA8[13].CLA8_1' is connected to logic 1 or logic 0. (LINT-32)
   Pin 'B[3]' is connected to logic 0. 
Warning: In design 'add_107_1', a pin on submodule 'CLA8_zero' is connected to logic 1 or logic 0. (LINT-32)
   Pin 'Cin' is connected to logic 0. 
Warning: In design 'add_107_1', a pin on submodule 'GEN_CLA8[1].CLA8_0' is connected to logic 1 or logic 0. (LINT-32)
   Pin 'Cin' is connected to logic 0. 
Warning: In design 'add_107_1', a pin on submodule 'GEN_CLA8[1].CLA8_1' is connected to logic 1 or logic 0. (LINT-32)
   Pin 'Cin' is connected to logic 1. 
Warning: In design 'add_107_1', a pin on submodule 'GEN_CLA8[2].CLA8_0' is connected to logic 1 or logic 0. (LINT-32)
   Pin 'Cin' is connected to logic 0. 
Warning: In design 'add_107_1', a pin on submodule 'GEN_CLA8[2].CLA8_1' is connected to logic 1 or logic 0. (LINT-32)
   Pin 'Cin' is connected to logic 1. 
Warning: In design 'add_107_1', a pin on submodule 'GEN_CLA8[3].CLA8_0' is connected to logic 1 or logic 0. (LINT-32)
   Pin 'Cin' is connected to logic 0. 
Warning: In design 'add_107_1', a pin on submodule 'GEN_CLA8[3].CLA8_1' is connected to logic 1 or logic 0. (LINT-32)
   Pin 'Cin' is connected to logic 1. 
Warning: In design 'add_107_1', a pin on submodule 'GEN_CLA8[4].CLA8_0' is connected to logic 1 or logic 0. (LINT-32)
   Pin 'Cin' is connected to logic 0. 
Warning: In design 'add_107_1', a pin on submodule 'GEN_CLA8[4].CLA8_1' is connected to logic 1 or logic 0. (LINT-32)
   Pin 'Cin' is connected to logic 1. 
Warning: In design 'add_107_1', a pin on submodule 'GEN_CLA8[5].CLA8_0' is connected to logic 1 or logic 0. (LINT-32)
   Pin 'Cin' is connected to logic 0. 
Warning: In design 'add_107_1', a pin on submodule 'GEN_CLA8[5].CLA8_1' is connected to logic 1 or logic 0. (LINT-32)
   Pin 'Cin' is connected to logic 1. 
Warning: In design 'add_107_1', a pin on submodule 'GEN_CLA8[6].CLA8_0' is connected to logic 1 or logic 0. (LINT-32)
   Pin 'Cin' is connected to logic 0. 
Warning: In design 'add_107_1', a pin on submodule 'GEN_CLA8[6].CLA8_1' is connected to logic 1 or logic 0. (LINT-32)
   Pin 'Cin' is connected to logic 1. 
Warning: In design 'add_107_1', a pin on submodule 'GEN_CLA8[7].CLA8_0' is connected to logic 1 or logic 0. (LINT-32)
   Pin 'Cin' is connected to logic 0. 
Warning: In design 'add_107_1', a pin on submodule 'GEN_CLA8[7].CLA8_1' is connected to logic 1 or logic 0. (LINT-32)
   Pin 'Cin' is connected to logic 1. 
Warning: In design 'add_107_1', a pin on submodule 'GEN_CLA8[8].CLA8_0' is connected to logic 1 or logic 0. (LINT-32)
   Pin 'Cin' is connected to logic 0. 
Warning: In design 'add_107_1', a pin on submodule 'GEN_CLA8[8].CLA8_1' is connected to logic 1 or logic 0. (LINT-32)
   Pin 'Cin' is connected to logic 1. 
Warning: In design 'add_107_1', a pin on submodule 'GEN_CLA8[9].CLA8_0' is connected to logic 1 or logic 0. (LINT-32)
   Pin 'Cin' is connected to logic 0. 
Warning: In design 'add_107_1', a pin on submodule 'GEN_CLA8[9].CLA8_1' is connected to logic 1 or logic 0. (LINT-32)
   Pin 'Cin' is connected to logic 1. 
Warning: In design 'add_107_1', a pin on submodule 'GEN_CLA8[10].CLA8_0' is connected to logic 1 or logic 0. (LINT-32)
   Pin 'Cin' is connected to logic 0. 
Warning: In design 'add_107_1', a pin on submodule 'GEN_CLA8[10].CLA8_1' is connected to logic 1 or logic 0. (LINT-32)
   Pin 'Cin' is connected to logic 1. 
Warning: In design 'add_107_1', a pin on submodule 'GEN_CLA8[11].CLA8_0' is connected to logic 1 or logic 0. (LINT-32)
   Pin 'Cin' is connected to logic 0. 
Warning: In design 'add_107_1', a pin on submodule 'GEN_CLA8[11].CLA8_1' is connected to logic 1 or logic 0. (LINT-32)
   Pin 'Cin' is connected to logic 1. 
Warning: In design 'add_107_1', a pin on submodule 'GEN_CLA8[12].CLA8_0' is connected to logic 1 or logic 0. (LINT-32)
   Pin 'Cin' is connected to logic 0. 
Warning: In design 'add_107_1', a pin on submodule 'GEN_CLA8[12].CLA8_1' is connected to logic 1 or logic 0. (LINT-32)
   Pin 'Cin' is connected to logic 1. 
Warning: In design 'add_107_1', a pin on submodule 'GEN_CLA8[13].CLA8_0' is connected to logic 1 or logic 0. (LINT-32)
   Pin 'Cin' is connected to logic 0. 
Warning: In design 'add_107_1', a pin on submodule 'GEN_CLA8[13].CLA8_0' is connected to logic 1 or logic 0. (LINT-32)
   Pin 'A[7]' is connected to logic 0. 
Warning: In design 'add_107_1', a pin on submodule 'GEN_CLA8[13].CLA8_0' is connected to logic 1 or logic 0. (LINT-32)
   Pin 'A[6]' is connected to logic 0. 
Warning: In design 'add_107_1', a pin on submodule 'GEN_CLA8[13].CLA8_0' is connected to logic 1 or logic 0. (LINT-32)
   Pin 'A[5]' is connected to logic 0. 
Warning: In design 'add_107_1', a pin on submodule 'GEN_CLA8[13].CLA8_0' is connected to logic 1 or logic 0. (LINT-32)
   Pin 'A[4]' is connected to logic 0. 
Warning: In design 'add_107_1', a pin on submodule 'GEN_CLA8[13].CLA8_0' is connected to logic 1 or logic 0. (LINT-32)
   Pin 'A[3]' is connected to logic 0. 
Warning: In design 'add_107_1', a pin on submodule 'GEN_CLA8[13].CLA8_0' is connected to logic 1 or logic 0. (LINT-32)
   Pin 'B[7]' is connected to logic 0. 
Warning: In design 'add_107_1', a pin on submodule 'GEN_CLA8[13].CLA8_0' is connected to logic 1 or logic 0. (LINT-32)
   Pin 'B[6]' is connected to logic 0. 
Warning: In design 'add_107_1', a pin on submodule 'GEN_CLA8[13].CLA8_0' is connected to logic 1 or logic 0. (LINT-32)
   Pin 'B[5]' is connected to logic 0. 
Warning: In design 'add_107_1', a pin on submodule 'GEN_CLA8[13].CLA8_0' is connected to logic 1 or logic 0. (LINT-32)
   Pin 'B[4]' is connected to logic 0. 
Warning: In design 'add_107_1', a pin on submodule 'GEN_CLA8[13].CLA8_0' is connected to logic 1 or logic 0. (LINT-32)
   Pin 'B[3]' is connected to logic 0. 
Warning: In design 'add_107_1', a pin on submodule 'GEN_CLA8[13].CLA8_1' is connected to logic 1 or logic 0. (LINT-32)
   Pin 'Cin' is connected to logic 1. 
Warning: In design 'add_107_1', a pin on submodule 'GEN_CLA8[13].CLA8_1' is connected to logic 1 or logic 0. (LINT-32)
   Pin 'A[7]' is connected to logic 0. 
Warning: In design 'add_107_1', a pin on submodule 'GEN_CLA8[13].CLA8_1' is connected to logic 1 or logic 0. (LINT-32)
   Pin 'A[6]' is connected to logic 0. 
Warning: In design 'add_107_1', a pin on submodule 'GEN_CLA8[13].CLA8_1' is connected to logic 1 or logic 0. (LINT-32)
   Pin 'A[5]' is connected to logic 0. 
Warning: In design 'add_107_1', a pin on submodule 'GEN_CLA8[13].CLA8_1' is connected to logic 1 or logic 0. (LINT-32)
   Pin 'A[4]' is connected to logic 0. 
Warning: In design 'add_107_1', a pin on submodule 'GEN_CLA8[13].CLA8_1' is connected to logic 1 or logic 0. (LINT-32)
   Pin 'A[3]' is connected to logic 0. 
Warning: In design 'add_107_1', a pin on submodule 'GEN_CLA8[13].CLA8_1' is connected to logic 1 or logic 0. (LINT-32)
   Pin 'B[7]' is connected to logic 0. 
Warning: In design 'add_107_1', a pin on submodule 'GEN_CLA8[13].CLA8_1' is connected to logic 1 or logic 0. (LINT-32)
   Pin 'B[6]' is connected to logic 0. 
Warning: In design 'add_107_1', a pin on submodule 'GEN_CLA8[13].CLA8_1' is connected to logic 1 or logic 0. (LINT-32)
   Pin 'B[5]' is connected to logic 0. 
Warning: In design 'add_107_1', a pin on submodule 'GEN_CLA8[13].CLA8_1' is connected to logic 1 or logic 0. (LINT-32)
   Pin 'B[4]' is connected to logic 0. 
Warning: In design 'add_107_1', a pin on submodule 'GEN_CLA8[13].CLA8_1' is connected to logic 1 or logic 0. (LINT-32)
   Pin 'B[3]' is connected to logic 0. 
Warning: In design 'sub_107_0', a pin on submodule 'adder' is connected to logic 1 or logic 0. (LINT-32)
   Pin 'in_B[106]' is connected to logic 0. 
Warning: In design 'sub_107_0', a pin on submodule 'adder' is connected to logic 1 or logic 0. (LINT-32)
   Pin 'in_B[105]' is connected to logic 0. 
Warning: In design 'sub_107_0', a pin on submodule 'adder' is connected to logic 1 or logic 0. (LINT-32)
   Pin 'in_B[104]' is connected to logic 0. 
Warning: In design 'sub_107_0', a pin on submodule 'adder' is connected to logic 1 or logic 0. (LINT-32)
   Pin 'in_B[103]' is connected to logic 0. 
Warning: In design 'sub_107_0', a pin on submodule 'adder' is connected to logic 1 or logic 0. (LINT-32)
   Pin 'in_B[102]' is connected to logic 0. 
Warning: In design 'sub_107_0', a pin on submodule 'adder' is connected to logic 1 or logic 0. (LINT-32)
   Pin 'in_B[101]' is connected to logic 0. 
Warning: In design 'sub_107_0', a pin on submodule 'adder' is connected to logic 1 or logic 0. (LINT-32)
   Pin 'in_B[100]' is connected to logic 0. 
Warning: In design 'sub_107_0', a pin on submodule 'adder' is connected to logic 1 or logic 0. (LINT-32)
   Pin 'in_B[99]' is connected to logic 0. 
Warning: In design 'sub_107_0', a pin on submodule 'adder' is connected to logic 1 or logic 0. (LINT-32)
   Pin 'in_B[98]' is connected to logic 0. 
Warning: In design 'sub_107_0', a pin on submodule 'adder' is connected to logic 1 or logic 0. (LINT-32)
   Pin 'in_B[97]' is connected to logic 0. 
Warning: In design 'sub_107_0', a pin on submodule 'adder' is connected to logic 1 or logic 0. (LINT-32)
   Pin 'in_B[96]' is connected to logic 0. 
Warning: In design 'sub_107_0', a pin on submodule 'adder' is connected to logic 1 or logic 0. (LINT-32)
   Pin 'in_B[95]' is connected to logic 0. 
Warning: In design 'sub_107_0', a pin on submodule 'adder' is connected to logic 1 or logic 0. (LINT-32)
   Pin 'in_B[94]' is connected to logic 0. 
Warning: In design 'sub_107_0', a pin on submodule 'adder' is connected to logic 1 or logic 0. (LINT-32)
   Pin 'in_B[93]' is connected to logic 0. 
Warning: In design 'sub_107_0', a pin on submodule 'adder' is connected to logic 1 or logic 0. (LINT-32)
   Pin 'in_B[92]' is connected to logic 0. 
Warning: In design 'sub_107_0', a pin on submodule 'adder' is connected to logic 1 or logic 0. (LINT-32)
   Pin 'in_B[91]' is connected to logic 0. 
Warning: In design 'sub_107_0', a pin on submodule 'adder' is connected to logic 1 or logic 0. (LINT-32)
   Pin 'in_B[90]' is connected to logic 0. 
Warning: In design 'sub_107_0', a pin on submodule 'adder' is connected to logic 1 or logic 0. (LINT-32)
   Pin 'in_B[89]' is connected to logic 0. 
Warning: In design 'sub_107_0', a pin on submodule 'adder' is connected to logic 1 or logic 0. (LINT-32)
   Pin 'in_B[88]' is connected to logic 0. 
Warning: In design 'sub_107_0', a pin on submodule 'adder' is connected to logic 1 or logic 0. (LINT-32)
   Pin 'in_B[87]' is connected to logic 0. 
Warning: In design 'sub_107_0', a pin on submodule 'adder' is connected to logic 1 or logic 0. (LINT-32)
   Pin 'in_B[86]' is connected to logic 0. 
Warning: In design 'sub_107_0', a pin on submodule 'adder' is connected to logic 1 or logic 0. (LINT-32)
   Pin 'in_B[85]' is connected to logic 0. 
Warning: In design 'sub_107_0', a pin on submodule 'adder' is connected to logic 1 or logic 0. (LINT-32)
   Pin 'in_B[84]' is connected to logic 0. 
Warning: In design 'sub_107_0', a pin on submodule 'adder' is connected to logic 1 or logic 0. (LINT-32)
   Pin 'in_B[83]' is connected to logic 0. 
Warning: In design 'sub_107_0', a pin on submodule 'adder' is connected to logic 1 or logic 0. (LINT-32)
   Pin 'in_B[82]' is connected to logic 0. 
Warning: In design 'sub_107_0', a pin on submodule 'adder' is connected to logic 1 or logic 0. (LINT-32)
   Pin 'in_B[81]' is connected to logic 0. 
Warning: In design 'sub_107_0', a pin on submodule 'adder' is connected to logic 1 or logic 0. (LINT-32)
   Pin 'in_B[80]' is connected to logic 0. 
Warning: In design 'sub_107_0', a pin on submodule 'adder' is connected to logic 1 or logic 0. (LINT-32)
   Pin 'in_B[79]' is connected to logic 0. 
Warning: In design 'sub_107_0', a pin on submodule 'adder' is connected to logic 1 or logic 0. (LINT-32)
   Pin 'in_B[78]' is connected to logic 0. 
Warning: In design 'sub_107_0', a pin on submodule 'adder' is connected to logic 1 or logic 0. (LINT-32)
   Pin 'in_B[77]' is connected to logic 0. 
Warning: In design 'sub_107_0', a pin on submodule 'adder' is connected to logic 1 or logic 0. (LINT-32)
   Pin 'in_B[76]' is connected to logic 0. 
Warning: In design 'sub_107_0', a pin on submodule 'adder' is connected to logic 1 or logic 0. (LINT-32)
   Pin 'in_B[75]' is connected to logic 0. 
Warning: In design 'sub_107_0', a pin on submodule 'adder' is connected to logic 1 or logic 0. (LINT-32)
   Pin 'in_B[74]' is connected to logic 0. 
Warning: In design 'sub_107_0', a pin on submodule 'adder' is connected to logic 1 or logic 0. (LINT-32)
   Pin 'in_B[73]' is connected to logic 0. 
Warning: In design 'sub_107_0', a pin on submodule 'adder' is connected to logic 1 or logic 0. (LINT-32)
   Pin 'in_B[72]' is connected to logic 0. 
Warning: In design 'sub_107_0', a pin on submodule 'adder' is connected to logic 1 or logic 0. (LINT-32)
   Pin 'in_B[71]' is connected to logic 0. 
Warning: In design 'sub_107_0', a pin on submodule 'adder' is connected to logic 1 or logic 0. (LINT-32)
   Pin 'in_B[70]' is connected to logic 0. 
Warning: In design 'sub_107_0', a pin on submodule 'adder' is connected to logic 1 or logic 0. (LINT-32)
   Pin 'in_B[69]' is connected to logic 0. 
Warning: In design 'sub_107_0', a pin on submodule 'adder' is connected to logic 1 or logic 0. (LINT-32)
   Pin 'in_B[68]' is connected to logic 0. 
Warning: In design 'sub_107_0', a pin on submodule 'adder' is connected to logic 1 or logic 0. (LINT-32)
   Pin 'in_B[67]' is connected to logic 0. 
Warning: In design 'sub_107_0', a pin on submodule 'adder' is connected to logic 1 or logic 0. (LINT-32)
   Pin 'in_B[66]' is connected to logic 0. 
Warning: In design 'sub_107_0', a pin on submodule 'adder' is connected to logic 1 or logic 0. (LINT-32)
   Pin 'in_B[65]' is connected to logic 0. 
Warning: In design 'sub_107_0', a pin on submodule 'adder' is connected to logic 1 or logic 0. (LINT-32)
   Pin 'in_B[64]' is connected to logic 0. 
Warning: In design 'sub_107_0', a pin on submodule 'adder' is connected to logic 1 or logic 0. (LINT-32)
   Pin 'in_B[63]' is connected to logic 0. 
Warning: In design 'sub_107_0', a pin on submodule 'adder' is connected to logic 1 or logic 0. (LINT-32)
   Pin 'in_B[62]' is connected to logic 0. 
Warning: In design 'sub_107_0', a pin on submodule 'adder' is connected to logic 1 or logic 0. (LINT-32)
   Pin 'in_B[61]' is connected to logic 0. 
Warning: In design 'sub_107_0', a pin on submodule 'adder' is connected to logic 1 or logic 0. (LINT-32)
   Pin 'in_B[60]' is connected to logic 0. 
Warning: In design 'sub_107_0', a pin on submodule 'adder' is connected to logic 1 or logic 0. (LINT-32)
   Pin 'in_B[59]' is connected to logic 0. 
Warning: In design 'sub_107_0', a pin on submodule 'adder' is connected to logic 1 or logic 0. (LINT-32)
   Pin 'in_B[58]' is connected to logic 0. 
Warning: In design 'sub_107_0', a pin on submodule 'adder' is connected to logic 1 or logic 0. (LINT-32)
   Pin 'in_B[57]' is connected to logic 0. 
Warning: In design 'sub_107_0', a pin on submodule 'adder' is connected to logic 1 or logic 0. (LINT-32)
   Pin 'in_B[56]' is connected to logic 0. 
Warning: In design 'sub_107_0', a pin on submodule 'adder' is connected to logic 1 or logic 0. (LINT-32)
   Pin 'in_B[55]' is connected to logic 0. 
Warning: In design 'sub_107_0', a pin on submodule 'adder' is connected to logic 1 or logic 0. (LINT-32)
   Pin 'in_B[54]' is connected to logic 0. 
Warning: In design 'sub_107_0', a pin on submodule 'adder' is connected to logic 1 or logic 0. (LINT-32)
   Pin 'in_B[53]' is connected to logic 0. 
Warning: In design 'sub_107_0', a pin on submodule 'adder' is connected to logic 1 or logic 0. (LINT-32)
   Pin 'in_B[52]' is connected to logic 0. 
Warning: In design 'sub_107_0', a pin on submodule 'adder' is connected to logic 1 or logic 0. (LINT-32)
   Pin 'in_B[51]' is connected to logic 0. 
Warning: In design 'sub_107_0', a pin on submodule 'adder' is connected to logic 1 or logic 0. (LINT-32)
   Pin 'in_B[50]' is connected to logic 0. 
Warning: In design 'sub_107_0', a pin on submodule 'adder' is connected to logic 1 or logic 0. (LINT-32)
   Pin 'in_B[49]' is connected to logic 0. 
Warning: In design 'sub_107_0', a pin on submodule 'adder' is connected to logic 1 or logic 0. (LINT-32)
   Pin 'in_B[48]' is connected to logic 0. 
Warning: In design 'sub_107_0', a pin on submodule 'adder' is connected to logic 1 or logic 0. (LINT-32)
   Pin 'in_B[47]' is connected to logic 0. 
Warning: In design 'sub_107_0', a pin on submodule 'adder' is connected to logic 1 or logic 0. (LINT-32)
   Pin 'in_B[46]' is connected to logic 0. 
Warning: In design 'sub_107_0', a pin on submodule 'adder' is connected to logic 1 or logic 0. (LINT-32)
   Pin 'in_B[45]' is connected to logic 0. 
Warning: In design 'sub_107_0', a pin on submodule 'adder' is connected to logic 1 or logic 0. (LINT-32)
   Pin 'in_B[44]' is connected to logic 0. 
Warning: In design 'sub_107_0', a pin on submodule 'adder' is connected to logic 1 or logic 0. (LINT-32)
   Pin 'in_B[43]' is connected to logic 0. 
Warning: In design 'sub_107_0', a pin on submodule 'adder' is connected to logic 1 or logic 0. (LINT-32)
   Pin 'in_B[42]' is connected to logic 0. 
Warning: In design 'sub_107_0', a pin on submodule 'adder' is connected to logic 1 or logic 0. (LINT-32)
   Pin 'in_B[41]' is connected to logic 0. 
Warning: In design 'sub_107_0', a pin on submodule 'adder' is connected to logic 1 or logic 0. (LINT-32)
   Pin 'in_B[40]' is connected to logic 0. 
Warning: In design 'sub_107_0', a pin on submodule 'adder' is connected to logic 1 or logic 0. (LINT-32)
   Pin 'in_B[39]' is connected to logic 0. 
Warning: In design 'sub_107_0', a pin on submodule 'adder' is connected to logic 1 or logic 0. (LINT-32)
   Pin 'in_B[38]' is connected to logic 0. 
Warning: In design 'sub_107_0', a pin on submodule 'adder' is connected to logic 1 or logic 0. (LINT-32)
   Pin 'in_B[37]' is connected to logic 0. 
Warning: In design 'sub_107_0', a pin on submodule 'adder' is connected to logic 1 or logic 0. (LINT-32)
   Pin 'in_B[36]' is connected to logic 0. 
Warning: In design 'sub_107_0', a pin on submodule 'adder' is connected to logic 1 or logic 0. (LINT-32)
   Pin 'in_B[35]' is connected to logic 0. 
Warning: In design 'sub_107_0', a pin on submodule 'adder' is connected to logic 1 or logic 0. (LINT-32)
   Pin 'in_B[34]' is connected to logic 0. 
Warning: In design 'sub_107_0', a pin on submodule 'adder' is connected to logic 1 or logic 0. (LINT-32)
   Pin 'in_B[33]' is connected to logic 0. 
Warning: In design 'sub_107_0', a pin on submodule 'adder' is connected to logic 1 or logic 0. (LINT-32)
   Pin 'in_B[32]' is connected to logic 0. 
Warning: In design 'sub_107_0', a pin on submodule 'adder' is connected to logic 1 or logic 0. (LINT-32)
   Pin 'in_B[31]' is connected to logic 0. 
Warning: In design 'sub_107_0', a pin on submodule 'adder' is connected to logic 1 or logic 0. (LINT-32)
   Pin 'in_B[30]' is connected to logic 0. 
Warning: In design 'sub_107_0', a pin on submodule 'adder' is connected to logic 1 or logic 0. (LINT-32)
   Pin 'in_B[29]' is connected to logic 0. 
Warning: In design 'sub_107_0', a pin on submodule 'adder' is connected to logic 1 or logic 0. (LINT-32)
   Pin 'in_B[28]' is connected to logic 0. 
Warning: In design 'sub_107_0', a pin on submodule 'adder' is connected to logic 1 or logic 0. (LINT-32)
   Pin 'in_B[27]' is connected to logic 0. 
Warning: In design 'sub_107_0', a pin on submodule 'adder' is connected to logic 1 or logic 0. (LINT-32)
   Pin 'in_B[26]' is connected to logic 0. 
Warning: In design 'sub_107_0', a pin on submodule 'adder' is connected to logic 1 or logic 0. (LINT-32)
   Pin 'in_B[25]' is connected to logic 0. 
Warning: In design 'sub_107_0', a pin on submodule 'adder' is connected to logic 1 or logic 0. (LINT-32)
   Pin 'in_B[24]' is connected to logic 0. 
Warning: In design 'sub_107_0', a pin on submodule 'adder' is connected to logic 1 or logic 0. (LINT-32)
   Pin 'in_B[23]' is connected to logic 0. 
Warning: In design 'sub_107_0', a pin on submodule 'adder' is connected to logic 1 or logic 0. (LINT-32)
   Pin 'in_B[22]' is connected to logic 0. 
Warning: In design 'sub_107_0', a pin on submodule 'adder' is connected to logic 1 or logic 0. (LINT-32)
   Pin 'in_B[21]' is connected to logic 0. 
Warning: In design 'sub_107_0', a pin on submodule 'adder' is connected to logic 1 or logic 0. (LINT-32)
   Pin 'in_B[20]' is connected to logic 0. 
Warning: In design 'sub_107_0', a pin on submodule 'adder' is connected to logic 1 or logic 0. (LINT-32)
   Pin 'in_B[19]' is connected to logic 0. 
Warning: In design 'sub_107_0', a pin on submodule 'adder' is connected to logic 1 or logic 0. (LINT-32)
   Pin 'in_B[18]' is connected to logic 0. 
Warning: In design 'sub_107_0', a pin on submodule 'adder' is connected to logic 1 or logic 0. (LINT-32)
   Pin 'in_B[17]' is connected to logic 0. 
Warning: In design 'sub_107_0', a pin on submodule 'adder' is connected to logic 1 or logic 0. (LINT-32)
   Pin 'in_B[16]' is connected to logic 0. 
Warning: In design 'sub_107_0', a pin on submodule 'adder' is connected to logic 1 or logic 0. (LINT-32)
   Pin 'in_B[15]' is connected to logic 0. 
Warning: In design 'sub_107_0', a pin on submodule 'adder' is connected to logic 1 or logic 0. (LINT-32)
   Pin 'in_B[14]' is connected to logic 0. 
Warning: In design 'sub_107_0', a pin on submodule 'adder' is connected to logic 1 or logic 0. (LINT-32)
   Pin 'in_B[13]' is connected to logic 0. 
Warning: In design 'sub_107_0', a pin on submodule 'adder' is connected to logic 1 or logic 0. (LINT-32)
   Pin 'in_B[12]' is connected to logic 0. 
Warning: In design 'sub_107_0', a pin on submodule 'adder' is connected to logic 1 or logic 0. (LINT-32)
   Pin 'in_B[11]' is connected to logic 0. 
Warning: In design 'sub_107_0', a pin on submodule 'adder' is connected to logic 1 or logic 0. (LINT-32)
   Pin 'in_B[10]' is connected to logic 0. 
Warning: In design 'sub_107_0', a pin on submodule 'adder' is connected to logic 1 or logic 0. (LINT-32)
   Pin 'in_B[9]' is connected to logic 0. 
Warning: In design 'sub_107_0', a pin on submodule 'adder' is connected to logic 1 or logic 0. (LINT-32)
   Pin 'in_B[8]' is connected to logic 0. 
Warning: In design 'sub_107_0', a pin on submodule 'adder' is connected to logic 1 or logic 0. (LINT-32)
   Pin 'in_B[7]' is connected to logic 0. 
Warning: In design 'sub_107_0', a pin on submodule 'adder' is connected to logic 1 or logic 0. (LINT-32)
   Pin 'in_B[6]' is connected to logic 0. 
Warning: In design 'sub_107_0', a pin on submodule 'adder' is connected to logic 1 or logic 0. (LINT-32)
   Pin 'in_B[5]' is connected to logic 0. 
Warning: In design 'sub_107_0', a pin on submodule 'adder' is connected to logic 1 or logic 0. (LINT-32)
   Pin 'in_B[4]' is connected to logic 0. 
Warning: In design 'sub_107_0', a pin on submodule 'adder' is connected to logic 1 or logic 0. (LINT-32)
   Pin 'in_B[3]' is connected to logic 0. 
Warning: In design 'sub_107_0', a pin on submodule 'adder' is connected to logic 1 or logic 0. (LINT-32)
   Pin 'in_B[2]' is connected to logic 0. 
Warning: In design 'sub_107_0', a pin on submodule 'adder' is connected to logic 1 or logic 0. (LINT-32)
   Pin 'in_B[1]' is connected to logic 0. 
Warning: In design 'sub_107_0', a pin on submodule 'adder' is connected to logic 1 or logic 0. (LINT-32)
   Pin 'in_B[0]' is connected to logic 1. 
Warning: In design 'sub_107_0', a pin on submodule 'CLA8_zero' is connected to logic 1 or logic 0. (LINT-32)
   Pin 'Cin' is connected to logic 0. 
Warning: In design 'sub_107_0', a pin on submodule 'GEN_CLA8[1].CLA8_0' is connected to logic 1 or logic 0. (LINT-32)
   Pin 'Cin' is connected to logic 0. 
Warning: In design 'sub_107_0', a pin on submodule 'GEN_CLA8[1].CLA8_1' is connected to logic 1 or logic 0. (LINT-32)
   Pin 'Cin' is connected to logic 1. 
Warning: In design 'sub_107_0', a pin on submodule 'GEN_CLA8[2].CLA8_0' is connected to logic 1 or logic 0. (LINT-32)
   Pin 'Cin' is connected to logic 0. 
Warning: In design 'sub_107_0', a pin on submodule 'GEN_CLA8[2].CLA8_1' is connected to logic 1 or logic 0. (LINT-32)
   Pin 'Cin' is connected to logic 1. 
Warning: In design 'sub_107_0', a pin on submodule 'GEN_CLA8[3].CLA8_0' is connected to logic 1 or logic 0. (LINT-32)
   Pin 'Cin' is connected to logic 0. 
Warning: In design 'sub_107_0', a pin on submodule 'GEN_CLA8[3].CLA8_1' is connected to logic 1 or logic 0. (LINT-32)
   Pin 'Cin' is connected to logic 1. 
Warning: In design 'sub_107_0', a pin on submodule 'GEN_CLA8[4].CLA8_0' is connected to logic 1 or logic 0. (LINT-32)
   Pin 'Cin' is connected to logic 0. 
Warning: In design 'sub_107_0', a pin on submodule 'GEN_CLA8[4].CLA8_1' is connected to logic 1 or logic 0. (LINT-32)
   Pin 'Cin' is connected to logic 1. 
Warning: In design 'sub_107_0', a pin on submodule 'GEN_CLA8[5].CLA8_0' is connected to logic 1 or logic 0. (LINT-32)
   Pin 'Cin' is connected to logic 0. 
Warning: In design 'sub_107_0', a pin on submodule 'GEN_CLA8[5].CLA8_1' is connected to logic 1 or logic 0. (LINT-32)
   Pin 'Cin' is connected to logic 1. 
Warning: In design 'sub_107_0', a pin on submodule 'GEN_CLA8[6].CLA8_0' is connected to logic 1 or logic 0. (LINT-32)
   Pin 'Cin' is connected to logic 0. 
Warning: In design 'sub_107_0', a pin on submodule 'GEN_CLA8[6].CLA8_1' is connected to logic 1 or logic 0. (LINT-32)
   Pin 'Cin' is connected to logic 1. 
Warning: In design 'sub_107_0', a pin on submodule 'GEN_CLA8[7].CLA8_0' is connected to logic 1 or logic 0. (LINT-32)
   Pin 'Cin' is connected to logic 0. 
Warning: In design 'sub_107_0', a pin on submodule 'GEN_CLA8[7].CLA8_1' is connected to logic 1 or logic 0. (LINT-32)
   Pin 'Cin' is connected to logic 1. 
Warning: In design 'sub_107_0', a pin on submodule 'GEN_CLA8[8].CLA8_0' is connected to logic 1 or logic 0. (LINT-32)
   Pin 'Cin' is connected to logic 0. 
Warning: In design 'sub_107_0', a pin on submodule 'GEN_CLA8[8].CLA8_1' is connected to logic 1 or logic 0. (LINT-32)
   Pin 'Cin' is connected to logic 1. 
Warning: In design 'sub_107_0', a pin on submodule 'GEN_CLA8[9].CLA8_0' is connected to logic 1 or logic 0. (LINT-32)
   Pin 'Cin' is connected to logic 0. 
Warning: In design 'sub_107_0', a pin on submodule 'GEN_CLA8[9].CLA8_1' is connected to logic 1 or logic 0. (LINT-32)
   Pin 'Cin' is connected to logic 1. 
Warning: In design 'sub_107_0', a pin on submodule 'GEN_CLA8[10].CLA8_0' is connected to logic 1 or logic 0. (LINT-32)
   Pin 'Cin' is connected to logic 0. 
Warning: In design 'sub_107_0', a pin on submodule 'GEN_CLA8[10].CLA8_1' is connected to logic 1 or logic 0. (LINT-32)
   Pin 'Cin' is connected to logic 1. 
Warning: In design 'sub_107_0', a pin on submodule 'GEN_CLA8[11].CLA8_0' is connected to logic 1 or logic 0. (LINT-32)
   Pin 'Cin' is connected to logic 0. 
Warning: In design 'sub_107_0', a pin on submodule 'GEN_CLA8[11].CLA8_1' is connected to logic 1 or logic 0. (LINT-32)
   Pin 'Cin' is connected to logic 1. 
Warning: In design 'sub_107_0', a pin on submodule 'GEN_CLA8[12].CLA8_0' is connected to logic 1 or logic 0. (LINT-32)
   Pin 'Cin' is connected to logic 0. 
Warning: In design 'sub_107_0', a pin on submodule 'GEN_CLA8[12].CLA8_1' is connected to logic 1 or logic 0. (LINT-32)
   Pin 'Cin' is connected to logic 1. 
Warning: In design 'sub_107_0', a pin on submodule 'GEN_CLA8[13].CLA8_0' is connected to logic 1 or logic 0. (LINT-32)
   Pin 'Cin' is connected to logic 0. 
Warning: In design 'sub_107_0', a pin on submodule 'GEN_CLA8[13].CLA8_0' is connected to logic 1 or logic 0. (LINT-32)
   Pin 'A[7]' is connected to logic 0. 
Warning: In design 'sub_107_0', a pin on submodule 'GEN_CLA8[13].CLA8_0' is connected to logic 1 or logic 0. (LINT-32)
   Pin 'A[6]' is connected to logic 0. 
Warning: In design 'sub_107_0', a pin on submodule 'GEN_CLA8[13].CLA8_0' is connected to logic 1 or logic 0. (LINT-32)
   Pin 'A[5]' is connected to logic 0. 
Warning: In design 'sub_107_0', a pin on submodule 'GEN_CLA8[13].CLA8_0' is connected to logic 1 or logic 0. (LINT-32)
   Pin 'A[4]' is connected to logic 0. 
Warning: In design 'sub_107_0', a pin on submodule 'GEN_CLA8[13].CLA8_0' is connected to logic 1 or logic 0. (LINT-32)
   Pin 'A[3]' is connected to logic 0. 
Warning: In design 'sub_107_0', a pin on submodule 'GEN_CLA8[13].CLA8_0' is connected to logic 1 or logic 0. (LINT-32)
   Pin 'B[7]' is connected to logic 1. 
Warning: In design 'sub_107_0', a pin on submodule 'GEN_CLA8[13].CLA8_0' is connected to logic 1 or logic 0. (LINT-32)
   Pin 'B[6]' is connected to logic 1. 
Warning: In design 'sub_107_0', a pin on submodule 'GEN_CLA8[13].CLA8_0' is connected to logic 1 or logic 0. (LINT-32)
   Pin 'B[5]' is connected to logic 1. 
Warning: In design 'sub_107_0', a pin on submodule 'GEN_CLA8[13].CLA8_0' is connected to logic 1 or logic 0. (LINT-32)
   Pin 'B[4]' is connected to logic 1. 
Warning: In design 'sub_107_0', a pin on submodule 'GEN_CLA8[13].CLA8_0' is connected to logic 1 or logic 0. (LINT-32)
   Pin 'B[3]' is connected to logic 1. 
Warning: In design 'sub_107_0', a pin on submodule 'GEN_CLA8[13].CLA8_1' is connected to logic 1 or logic 0. (LINT-32)
   Pin 'Cin' is connected to logic 1. 
Warning: In design 'sub_107_0', a pin on submodule 'GEN_CLA8[13].CLA8_1' is connected to logic 1 or logic 0. (LINT-32)
   Pin 'A[7]' is connected to logic 0. 
Warning: In design 'sub_107_0', a pin on submodule 'GEN_CLA8[13].CLA8_1' is connected to logic 1 or logic 0. (LINT-32)
   Pin 'A[6]' is connected to logic 0. 
Warning: In design 'sub_107_0', a pin on submodule 'GEN_CLA8[13].CLA8_1' is connected to logic 1 or logic 0. (LINT-32)
   Pin 'A[5]' is connected to logic 0. 
Warning: In design 'sub_107_0', a pin on submodule 'GEN_CLA8[13].CLA8_1' is connected to logic 1 or logic 0. (LINT-32)
   Pin 'A[4]' is connected to logic 0. 
Warning: In design 'sub_107_0', a pin on submodule 'GEN_CLA8[13].CLA8_1' is connected to logic 1 or logic 0. (LINT-32)
   Pin 'A[3]' is connected to logic 0. 
Warning: In design 'sub_107_0', a pin on submodule 'GEN_CLA8[13].CLA8_1' is connected to logic 1 or logic 0. (LINT-32)
   Pin 'B[7]' is connected to logic 1. 
Warning: In design 'sub_107_0', a pin on submodule 'GEN_CLA8[13].CLA8_1' is connected to logic 1 or logic 0. (LINT-32)
   Pin 'B[6]' is connected to logic 1. 
Warning: In design 'sub_107_0', a pin on submodule 'GEN_CLA8[13].CLA8_1' is connected to logic 1 or logic 0. (LINT-32)
   Pin 'B[5]' is connected to logic 1. 
Warning: In design 'sub_107_0', a pin on submodule 'GEN_CLA8[13].CLA8_1' is connected to logic 1 or logic 0. (LINT-32)
   Pin 'B[4]' is connected to logic 1. 
Warning: In design 'sub_107_0', a pin on submodule 'GEN_CLA8[13].CLA8_1' is connected to logic 1 or logic 0. (LINT-32)
   Pin 'B[3]' is connected to logic 1. 
Warning: In design 'fp_add', the same net is connected to more than one pin on submodule 'compute_zero_num'. (LINT-33)
   Net '*Logic0*' is connected to pins 'A[20]', 'A[19]'', 'A[18]', 'A[17]', 'A[16]', 'A[15]', 'A[14]', 'A[13]', 'A[12]', 'A[11]', 'A[10]', 'A[9]', 'A[8]', 'A[7]', 'A[6]', 'A[5]', 'A[4]', 'A[3]', 'A[2]', 'A[1]', 'A[0]'.
Warning: In design 'add_107_2', the same net is connected to more than one pin on submodule 'GEN_CLA8[13].CLA8_0'. (LINT-33)
   Net '*Logic0*' is connected to pins 'Cin', 'A[7]'', 'A[6]', 'A[5]', 'A[4]', 'A[3]', 'B[7]', 'B[6]', 'B[5]', 'B[4]', 'B[3]'.
Warning: In design 'add_107_2', the same net is connected to more than one pin on submodule 'GEN_CLA8[13].CLA8_1'. (LINT-33)
   Net '*Logic0*' is connected to pins 'A[7]', 'A[6]'', 'A[5]', 'A[4]', 'A[3]', 'B[7]', 'B[6]', 'B[5]', 'B[4]', 'B[3]'.
Warning: In design 'sub_107_1', the same net is connected to more than one pin on submodule 'adder'. (LINT-33)
   Net '*Logic0*' is connected to pins 'in_B[106]', 'in_B[105]'', 'in_B[104]', 'in_B[103]', 'in_B[102]', 'in_B[101]', 'in_B[100]', 'in_B[99]', 'in_B[98]', 'in_B[97]', 'in_B[96]', 'in_B[95]', 'in_B[94]', 'in_B[93]', 'in_B[92]', 'in_B[91]', 'in_B[90]', 'in_B[89]', 'in_B[88]', 'in_B[87]', 'in_B[86]', 'in_B[85]', 'in_B[84]', 'in_B[83]', 'in_B[82]', 'in_B[81]', 'in_B[80]', 'in_B[79]', 'in_B[78]', 'in_B[77]', 'in_B[76]', 'in_B[75]', 'in_B[74]', 'in_B[73]', 'in_B[72]', 'in_B[71]', 'in_B[70]', 'in_B[69]', 'in_B[68]', 'in_B[67]', 'in_B[66]', 'in_B[65]', 'in_B[64]', 'in_B[63]', 'in_B[62]', 'in_B[61]', 'in_B[60]', 'in_B[59]', 'in_B[58]', 'in_B[57]', 'in_B[56]', 'in_B[55]', 'in_B[54]', 'in_B[53]', 'in_B[52]', 'in_B[51]', 'in_B[50]', 'in_B[49]', 'in_B[48]', 'in_B[47]', 'in_B[46]', 'in_B[45]', 'in_B[44]', 'in_B[43]', 'in_B[42]', 'in_B[41]', 'in_B[40]', 'in_B[39]', 'in_B[38]', 'in_B[37]', 'in_B[36]', 'in_B[35]', 'in_B[34]', 'in_B[33]', 'in_B[32]', 'in_B[31]', 'in_B[30]', 'in_B[29]', 'in_B[28]', 'in_B[27]', 'in_B[26]', 'in_B[25]', 'in_B[24]', 'in_B[23]', 'in_B[22]', 'in_B[21]', 'in_B[20]', 'in_B[19]', 'in_B[18]', 'in_B[17]', 'in_B[16]', 'in_B[15]', 'in_B[14]', 'in_B[13]', 'in_B[12]', 'in_B[11]', 'in_B[10]', 'in_B[9]', 'in_B[8]', 'in_B[7]', 'in_B[6]', 'in_B[5]', 'in_B[4]', 'in_B[3]', 'in_B[2]', 'in_B[1]'.
Warning: In design 'sub_107_1', the same net is connected to more than one pin on submodule 'GEN_CLA8[13].CLA8_0'. (LINT-33)
   Net '*Logic0*' is connected to pins 'Cin', 'A[7]'', 'A[6]', 'A[5]', 'A[4]', 'A[3]'.
Warning: In design 'sub_107_1', the same net is connected to more than one pin on submodule 'GEN_CLA8[13].CLA8_0'. (LINT-33)
   Net '*Logic1*' is connected to pins 'B[7]', 'B[6]'', 'B[5]', 'B[4]', 'B[3]'.
Warning: In design 'sub_107_1', the same net is connected to more than one pin on submodule 'GEN_CLA8[13].CLA8_1'. (LINT-33)
   Net '*Logic1*' is connected to pins 'Cin', 'B[7]'', 'B[6]', 'B[5]', 'B[4]', 'B[3]'.
Warning: In design 'sub_107_1', the same net is connected to more than one pin on submodule 'GEN_CLA8[13].CLA8_1'. (LINT-33)
   Net '*Logic0*' is connected to pins 'A[7]', 'A[6]'', 'A[5]', 'A[4]', 'A[3]'.
Warning: In design 'add_107_0', the same net is connected to more than one pin on submodule 'GEN_CLA8[13].CLA8_0'. (LINT-33)
   Net '*Logic0*' is connected to pins 'Cin', 'A[7]'', 'A[6]', 'A[5]', 'A[4]', 'A[3]', 'B[7]', 'B[6]', 'B[5]', 'B[4]', 'B[3]'.
Warning: In design 'add_107_0', the same net is connected to more than one pin on submodule 'GEN_CLA8[13].CLA8_1'. (LINT-33)
   Net '*Logic0*' is connected to pins 'A[7]', 'A[6]'', 'A[5]', 'A[4]', 'A[3]', 'B[7]', 'B[6]', 'B[5]', 'B[4]', 'B[3]'.
Warning: In design 'add_107_1', the same net is connected to more than one pin on submodule 'GEN_CLA8[13].CLA8_0'. (LINT-33)
   Net '*Logic0*' is connected to pins 'Cin', 'A[7]'', 'A[6]', 'A[5]', 'A[4]', 'A[3]', 'B[7]', 'B[6]', 'B[5]', 'B[4]', 'B[3]'.
Warning: In design 'add_107_1', the same net is connected to more than one pin on submodule 'GEN_CLA8[13].CLA8_1'. (LINT-33)
   Net '*Logic0*' is connected to pins 'A[7]', 'A[6]'', 'A[5]', 'A[4]', 'A[3]', 'B[7]', 'B[6]', 'B[5]', 'B[4]', 'B[3]'.
Warning: In design 'sub_107_0', the same net is connected to more than one pin on submodule 'adder'. (LINT-33)
   Net '*Logic0*' is connected to pins 'in_B[106]', 'in_B[105]'', 'in_B[104]', 'in_B[103]', 'in_B[102]', 'in_B[101]', 'in_B[100]', 'in_B[99]', 'in_B[98]', 'in_B[97]', 'in_B[96]', 'in_B[95]', 'in_B[94]', 'in_B[93]', 'in_B[92]', 'in_B[91]', 'in_B[90]', 'in_B[89]', 'in_B[88]', 'in_B[87]', 'in_B[86]', 'in_B[85]', 'in_B[84]', 'in_B[83]', 'in_B[82]', 'in_B[81]', 'in_B[80]', 'in_B[79]', 'in_B[78]', 'in_B[77]', 'in_B[76]', 'in_B[75]', 'in_B[74]', 'in_B[73]', 'in_B[72]', 'in_B[71]', 'in_B[70]', 'in_B[69]', 'in_B[68]', 'in_B[67]', 'in_B[66]', 'in_B[65]', 'in_B[64]', 'in_B[63]', 'in_B[62]', 'in_B[61]', 'in_B[60]', 'in_B[59]', 'in_B[58]', 'in_B[57]', 'in_B[56]', 'in_B[55]', 'in_B[54]', 'in_B[53]', 'in_B[52]', 'in_B[51]', 'in_B[50]', 'in_B[49]', 'in_B[48]', 'in_B[47]', 'in_B[46]', 'in_B[45]', 'in_B[44]', 'in_B[43]', 'in_B[42]', 'in_B[41]', 'in_B[40]', 'in_B[39]', 'in_B[38]', 'in_B[37]', 'in_B[36]', 'in_B[35]', 'in_B[34]', 'in_B[33]', 'in_B[32]', 'in_B[31]', 'in_B[30]', 'in_B[29]', 'in_B[28]', 'in_B[27]', 'in_B[26]', 'in_B[25]', 'in_B[24]', 'in_B[23]', 'in_B[22]', 'in_B[21]', 'in_B[20]', 'in_B[19]', 'in_B[18]', 'in_B[17]', 'in_B[16]', 'in_B[15]', 'in_B[14]', 'in_B[13]', 'in_B[12]', 'in_B[11]', 'in_B[10]', 'in_B[9]', 'in_B[8]', 'in_B[7]', 'in_B[6]', 'in_B[5]', 'in_B[4]', 'in_B[3]', 'in_B[2]', 'in_B[1]'.
Warning: In design 'sub_107_0', the same net is connected to more than one pin on submodule 'GEN_CLA8[13].CLA8_0'. (LINT-33)
   Net '*Logic0*' is connected to pins 'Cin', 'A[7]'', 'A[6]', 'A[5]', 'A[4]', 'A[3]'.
Warning: In design 'sub_107_0', the same net is connected to more than one pin on submodule 'GEN_CLA8[13].CLA8_0'. (LINT-33)
   Net '*Logic1*' is connected to pins 'B[7]', 'B[6]'', 'B[5]', 'B[4]', 'B[3]'.
Warning: In design 'sub_107_0', the same net is connected to more than one pin on submodule 'GEN_CLA8[13].CLA8_1'. (LINT-33)
   Net '*Logic1*' is connected to pins 'Cin', 'B[7]'', 'B[6]', 'B[5]', 'B[4]', 'B[3]'.
Warning: In design 'sub_107_0', the same net is connected to more than one pin on submodule 'GEN_CLA8[13].CLA8_1'. (LINT-33)
   Net '*Logic0*' is connected to pins 'A[7]', 'A[6]'', 'A[5]', 'A[4]', 'A[3]'.
Warning: In design 'LOD_128_080_11', output port 'position[10]' is connected directly to 'logic 0'. (LINT-52)
Warning: In design 'LOD_128_080_11', output port 'position[9]' is connected directly to 'logic 0'. (LINT-52)
Warning: In design 'LOD_128_080_11', output port 'position[8]' is connected directly to 'logic 0'. (LINT-52)
1
